#
# A fatal error has been detected by the Java Runtime Environment:
#
#  EXCEPTION_ACCESS_VIOLATION (0xc0000005) at pc=0x0000000180005b6b, pid=7324, tid=0x0000000000001ea8
#
# JRE version: Java(TM) SE Runtime Environment (8.0_211-b12) (build 1.8.0_211-b12)
# Java VM: Java HotSpot(TM) 64-Bit Server VM (25.211-b12 mixed mode windows-amd64 compressed oops)
# Problematic frame:
# C  [rxtxSerial.dll+0x5b6b]
#
# Failed to write core dump. Minidumps are not enabled by default on client versions of Windows
#
# If you would like to submit a bug report, please visit:
#   http://bugreport.java.com/bugreport/crash.jsp
# The crash happened outside the Java Virtual Machine in native code.
# See problematic frame for where to report the bug.
#

---------------  T H R E A D  ---------------

Current thread (0x000000005bd2b800):  JavaThread "http-nio-8081-exec-7" daemon [_thread_in_native, id=7848, stack(0x000000005e5f0000,0x000000005e6f0000)]

siginfo: ExceptionCode=0xc0000005, writing address 0x000000005f0cef58

Registers:
RAX=0x00000000ffffffff, RBX=0x0000000000000000, RCX=0x0000000000000000, RDX=0x0000000000000000
RSP=0x000000005e6ecaa0, RBP=0x00000000ffffffff, RSI=0x000000000000000f, RDI=0x0000000000000001
R8 =0x000007fffff6e000, R9 =0x0000000180000000, R10=0x0000000000000000, R11=0x0000000000000200
R12=0x000000005f0cef50, R13=0x0000000000000001, R14=0x0000000000000000, R15=0x0000000000000000
RIP=0x0000000180005b6b, EFLAGS=0x0000000000010286

Top of Stack: (sp=0x000000005e6ecaa0)
0x000000005e6ecaa0:   0000000000000000 0000000000000000
0x000000005e6ecab0:   0000000000000000 0000000000000000
0x000000005e6ecac0:   0000000000000000 000000005e6ecc00
0x000000005e6ecad0:   0000000000000001 0000000000000001
0x000000005e6ecae0:   000000005bd2b9f8 0000000000000001
0x000000005e6ecaf0:   ffffffffffffffff 0000000180006211
0x000000005e6ecb00:   000000005baaca10 0000000000000001
0x000000005e6ecb10:   0000000000000001 000000005baaca10
0x000000005e6ecb20:   0000000000000001 00000000ffffffff
0x000000005e6ecb30:   000000005e6ecbf8 000000005bd2b9f8
0x000000005e6ecb40:   000000005e6ecc30 0000000180006920
0x000000005e6ecb50:   000000005bd2b9f8 000000004004667f
0x000000005e6ecb60:   000000005e6ecb70 fffffffffffff8b8
0x000000005e6ecb70:   0000000000000000 00007b642d317472
0x000000005e6ecb80:   0000000000000000 0000000000000001
0x000000005e6ecb90:   000000005bd2b800 00000000dac04178 

Instructions: (pc=0x0000000180005b6b)
0x0000000180005b4b:   31 00 00 85 c0 78 33 74 06 03 d8 2b f8 eb 0a b9
0x0000000180005b5b:   e8 03 00 00 e8 1c 1c 00 00 41 3b dd 7c b7 8b c3
0x0000000180005b6b:   45 89 74 24 08 48 8b 5c 24 60 48 83 c4 20 41 5f
0x0000000180005b7b:   41 5e 41 5d 41 5c 5f 5e 5d c3 e8 1e 61 00 00 83 


Register to memory mapping:

RAX=0x00000000ffffffff is an unallocated location in the heap
RBX=0x0000000000000000 is an unknown value
RCX=0x0000000000000000 is an unknown value
RDX=0x0000000000000000 is an unknown value
RSP=0x000000005e6ecaa0 is pointing into the stack for thread: 0x000000005bd2b800
RBP=0x00000000ffffffff is an unallocated location in the heap
RSI=0x000000000000000f is an unknown value
RDI=0x0000000000000001 is an unknown value
R8 =0x000007fffff6e000 is an unknown value
R9 =0x0000000180000000 is an unknown value
R10=0x0000000000000000 is an unknown value
R11=0x0000000000000200 is an unknown value
R12=0x000000005f0cef50 is an unknown value
R13=0x0000000000000001 is an unknown value
R14=0x0000000000000000 is an unknown value
R15=0x0000000000000000 is an unknown value


Stack: [0x000000005e5f0000,0x000000005e6f0000],  sp=0x000000005e6ecaa0,  free space=1010k
Native frames: (J=compiled Java code, j=interpreted, Vv=VM code, C=native code)
C  [rxtxSerial.dll+0x5b6b]
C  [rxtxSerial.dll+0x6211]
C  0x0000000002a1bdda

Java frames: (J=compiled Java code, j=interpreted, Vv=VM code)
J 3901  gnu.io.RXTXPort.readArray([BII)I (0 bytes) @ 0x0000000002a1bd54 [0x0000000002a1bd00+0x54]
J 3900 C1 gnu.io.RXTXPort$SerialInputStream.read([BII)I (305 bytes) @ 0x0000000002dde1bc [0x0000000002ddde80+0x33c]
J 3899 C1 gnu.io.RXTXPort$SerialInputStream.read([B)I (149 bytes) @ 0x0000000002c6dd34 [0x0000000002c6daa0+0x294]
J 4019 C1 com.alarm.monitor.utils.SerialPortManager.readFromPort(Lgnu/io/SerialPort;)[B (117 bytes) @ 0x00000000031040ec [0x0000000003103f60+0x18c]
J 4006 C1 com.alarm.monitor.utils.SerialPortManager.sendToPort(Lgnu/io/SerialPort;[B)Ljava/lang/String; (144 bytes) @ 0x0000000002cff874 [0x0000000002cff600+0x274]
j  com.alarm.monitor.controller.AlarmLedController.open(IILjavax/servlet/http/HttpServletRequest;)Lcom/alarm/monitor/vo/RespResult;+172
v  ~StubRoutines::call_stub
J 1985  sun.reflect.NativeMethodAccessorImpl.invoke0(Ljava/lang/reflect/Method;Ljava/lang/Object;[Ljava/lang/Object;)Ljava/lang/Object; (0 bytes) @ 0x0000000002d61e7f [0x0000000002d61e00+0x7f]
j  sun.reflect.NativeMethodAccessorImpl.invoke(Ljava/lang/Object;[Ljava/lang/Object;)Ljava/lang/Object;+100
j  sun.reflect.DelegatingMethodAccessorImpl.invoke(Ljava/lang/Object;[Ljava/lang/Object;)Ljava/lang/Object;+6
j  java.lang.reflect.Method.invoke(Ljava/lang/Object;[Ljava/lang/Object;)Ljava/lang/Object;+56
j  org.springframework.web.method.support.InvocableHandlerMethod.doInvoke([Ljava/lang/Object;)Ljava/lang/Object;+16
j  org.springframework.web.method.support.InvocableHandlerMethod.invokeForRequest(Lorg/springframework/web/context/request/NativeWebRequest;Lorg/springframework/web/method/support/ModelAndViewContainer;[Ljava/lang/Object;)Ljava/lang/Object;+56
j  org.springframework.web.servlet.mvc.method.annotation.ServletInvocableHandlerMethod.invokeAndHandle(Lorg/springframework/web/context/request/ServletWebRequest;Lorg/springframework/web/method/support/ModelAndViewContainer;[Ljava/lang/Object;)V+4
j  org.springframework.web.servlet.mvc.method.annotation.RequestMappingHandlerAdapter.invokeHandlerMethod(Ljavax/servlet/http/HttpServletRequest;Ljavax/servlet/http/HttpServletResponse;Lorg/springframework/web/method/HandlerMethod;)Lorg/springframework/web/servlet/ModelAndView;+244
j  org.springframework.web.servlet.mvc.method.annotation.RequestMappingHandlerAdapter.handleInternal(Ljavax/servlet/http/HttpServletRequest;Ljavax/servlet/http/HttpServletResponse;Lorg/springframework/web/method/HandlerMethod;)Lorg/springframework/web/servlet/ModelAndView;+81
j  org.springframework.web.servlet.mvc.method.AbstractHandlerMethodAdapter.handle(Ljavax/servlet/http/HttpServletRequest;Ljavax/servlet/http/HttpServletResponse;Ljava/lang/Object;)Lorg/springframework/web/servlet/ModelAndView;+7
j  org.springframework.web.servlet.DispatcherServlet.doDispatch(Ljavax/servlet/http/HttpServletRequest;Ljavax/servlet/http/HttpServletResponse;)V+257
j  org.springframework.web.servlet.DispatcherServlet.doService(Ljavax/servlet/http/HttpServletRequest;Ljavax/servlet/http/HttpServletResponse;)V+212
j  org.springframework.web.servlet.FrameworkServlet.processRequest(Ljavax/servlet/http/HttpServletRequest;Ljavax/servlet/http/HttpServletResponse;)V+71
j  org.springframework.web.servlet.FrameworkServlet.doGet(Ljavax/servlet/http/HttpServletRequest;Ljavax/servlet/http/HttpServletResponse;)V+3
j  javax.servlet.http.HttpServlet.service(Ljavax/servlet/http/HttpServletRequest;Ljavax/servlet/http/HttpServletResponse;)V+35
j  org.springframework.web.servlet.FrameworkServlet.service(Ljavax/servlet/http/HttpServletRequest;Ljavax/servlet/http/HttpServletResponse;)V+33
j  javax.servlet.http.HttpServlet.service(Ljavax/servlet/ServletRequest;Ljavax/servlet/ServletResponse;)V+30
j  org.apache.catalina.core.ApplicationFilterChain.internalDoFilter(Ljavax/servlet/ServletRequest;Ljavax/servlet/ServletResponse;)V+304
j  org.apache.catalina.core.ApplicationFilterChain.doFilter(Ljavax/servlet/ServletRequest;Ljavax/servlet/ServletResponse;)V+101
j  org.apache.tomcat.websocket.server.WsFilter.doFilter(Ljavax/servlet/ServletRequest;Ljavax/servlet/ServletResponse;Ljavax/servlet/FilterChain;)V+21
j  org.apache.catalina.core.ApplicationFilterChain.internalDoFilter(Ljavax/servlet/ServletRequest;Ljavax/servlet/ServletResponse;)V+135
j  org.apache.catalina.core.ApplicationFilterChain.doFilter(Ljavax/servlet/ServletRequest;Ljavax/servlet/ServletResponse;)V+101
j  com.github.xiaoymin.knife4j.spring.filter.ProductionSecurityFilter.doFilter(Ljavax/servlet/ServletRequest;Ljavax/servlet/ServletResponse;Ljavax/servlet/FilterChain;)V+76
j  org.apache.catalina.core.ApplicationFilterChain.internalDoFilter(Ljavax/servlet/ServletRequest;Ljavax/servlet/ServletResponse;)V+135
j  org.apache.catalina.core.ApplicationFilterChain.doFilter(Ljavax/servlet/ServletRequest;Ljavax/servlet/ServletResponse;)V+101
j  com.github.xiaoymin.knife4j.spring.filter.SecurityBasicAuthFilter.doFilter(Ljavax/servlet/ServletRequest;Ljavax/servlet/ServletResponse;Ljavax/servlet/FilterChain;)V+225
j  org.apache.catalina.core.ApplicationFilterChain.internalDoFilter(Ljavax/servlet/ServletRequest;Ljavax/servlet/ServletResponse;)V+135
j  org.apache.catalina.core.ApplicationFilterChain.doFilter(Ljavax/servlet/ServletRequest;Ljavax/servlet/ServletResponse;)V+101
j  org.springframework.web.filter.RequestContextFilter.doFilterInternal(Ljavax/servlet/http/HttpServletRequest;Ljavax/servlet/http/HttpServletResponse;Ljavax/servlet/FilterChain;)V+21
j  org.springframework.web.filter.OncePerRequestFilter.doFilter(Ljavax/servlet/ServletRequest;Ljavax/servlet/ServletResponse;Ljavax/servlet/FilterChain;)V+111
j  org.apache.catalina.core.ApplicationFilterChain.internalDoFilter(Ljavax/servlet/ServletRequest;Ljavax/servlet/ServletResponse;)V+135
j  org.apache.catalina.core.ApplicationFilterChain.doFilter(Ljavax/servlet/ServletRequest;Ljavax/servlet/ServletResponse;)V+101
j  org.springframework.web.filter.FormContentFilter.doFilterInternal(Ljavax/servlet/http/HttpServletRequest;Ljavax/servlet/http/HttpServletResponse;Ljavax/servlet/FilterChain;)V+38
j  org.springframework.web.filter.OncePerRequestFilter.doFilter(Ljavax/servlet/ServletRequest;Ljavax/servlet/ServletResponse;Ljavax/servlet/FilterChain;)V+111
j  org.apache.catalina.core.ApplicationFilterChain.internalDoFilter(Ljavax/servlet/ServletRequest;Ljavax/servlet/ServletResponse;)V+135
j  org.apache.catalina.core.ApplicationFilterChain.doFilter(Ljavax/servlet/ServletRequest;Ljavax/servlet/ServletResponse;)V+101
j  org.springframework.web.filter.HiddenHttpMethodFilter.doFilterInternal(Ljavax/servlet/http/HttpServletRequest;Ljavax/servlet/http/HttpServletResponse;Ljavax/servlet/FilterChain;)V+87
j  org.springframework.web.filter.OncePerRequestFilter.doFilter(Ljavax/servlet/ServletRequest;Ljavax/servlet/ServletResponse;Ljavax/servlet/FilterChain;)V+111
j  org.apache.catalina.core.ApplicationFilterChain.internalDoFilter(Ljavax/servlet/ServletRequest;Ljavax/servlet/ServletResponse;)V+135
j  org.apache.catalina.core.ApplicationFilterChain.doFilter(Ljavax/servlet/ServletRequest;Ljavax/servlet/ServletResponse;)V+101
j  org.springframework.web.filter.CharacterEncodingFilter.doFilterInternal(Ljavax/servlet/http/HttpServletRequest;Ljavax/servlet/http/HttpServletResponse;Ljavax/servlet/FilterChain;)V+53
j  org.springframework.web.filter.OncePerRequestFilter.doFilter(Ljavax/servlet/ServletRequest;Ljavax/servlet/ServletResponse;Ljavax/servlet/FilterChain;)V+111
j  org.apache.catalina.core.ApplicationFilterChain.internalDoFilter(Ljavax/servlet/ServletRequest;Ljavax/servlet/ServletResponse;)V+135
j  org.apache.catalina.core.ApplicationFilterChain.doFilter(Ljavax/servlet/ServletRequest;Ljavax/servlet/ServletResponse;)V+101
j  org.apache.catalina.core.StandardWrapperValve.invoke(Lorg/apache/catalina/connector/Request;Lorg/apache/catalina/connector/Response;)V+688
j  org.apache.catalina.core.StandardContextValve.invoke(Lorg/apache/catalina/connector/Request;Lorg/apache/catalina/connector/Response;)V+166
j  org.apache.catalina.authenticator.AuthenticatorBase.invoke(Lorg/apache/catalina/connector/Request;Lorg/apache/catalina/connector/Response;)V+260
j  org.apache.catalina.core.StandardHostValve.invoke(Lorg/apache/catalina/connector/Request;Lorg/apache/catalina/connector/Response;)V+114
j  org.apache.catalina.valves.ErrorReportValve.invoke(Lorg/apache/catalina/connector/Request;Lorg/apache/catalina/connector/Response;)V+6
j  org.apache.catalina.core.StandardEngineValve.invoke(Lorg/apache/catalina/connector/Request;Lorg/apache/catalina/connector/Response;)V+45
j  org.apache.catalina.connector.CoyoteAdapter.service(Lorg/apache/coyote/Request;Lorg/apache/coyote/Response;)V+199
j  org.apache.coyote.http11.Http11Processor.service(Lorg/apache/tomcat/util/net/SocketWrapperBase;)Lorg/apache/tomcat/util/net/AbstractEndpoint$Handler$SocketState;+791
j  org.apache.coyote.AbstractProcessorLight.process(Lorg/apache/tomcat/util/net/SocketWrapperBase;Lorg/apache/tomcat/util/net/SocketEvent;)Lorg/apache/tomcat/util/net/AbstractEndpoint$Handler$SocketState;+113
j  org.apache.coyote.AbstractProtocol$ConnectionHandler.process(Lorg/apache/tomcat/util/net/SocketWrapperBase;Lorg/apache/tomcat/util/net/SocketEvent;)Lorg/apache/tomcat/util/net/AbstractEndpoint$Handler$SocketState;+414
j  org.apache.tomcat.util.net.NioEndpoint$SocketProcessor.doRun()V+191
j  org.apache.tomcat.util.net.SocketProcessorBase.run()V+21
j  java.util.concurrent.ThreadPoolExecutor.runWorker(Ljava/util/concurrent/ThreadPoolExecutor$Worker;)V+95
j  java.util.concurrent.ThreadPoolExecutor$Worker.run()V+5
j  org.apache.tomcat.util.threads.TaskThread$WrappingRunnable.run()V+4
j  java.lang.Thread.run()V+11
v  ~StubRoutines::call_stub

---------------  P R O C E S S  ---------------

Java Threads: ( => current thread )
  0x000000005bd44000 JavaThread "DestroyJavaVM" [_thread_blocked, id=7240, stack(0x0000000002650000,0x0000000002750000)]
  0x000000005bd43000 JavaThread "http-nio-8081-AsyncTimeout" daemon [_thread_blocked, id=7724, stack(0x000000005f2c0000,0x000000005f3c0000)]
  0x000000005bd42800 JavaThread "http-nio-8081-Acceptor-0" daemon [_thread_in_native, id=7256, stack(0x000000005f100000,0x000000005f200000)]
  0x000000005bd2f800 JavaThread "http-nio-8081-ClientPoller-1" daemon [_thread_in_native, id=6596, stack(0x000000005ed90000,0x000000005ee90000)]
  0x000000005bd2e800 JavaThread "http-nio-8081-ClientPoller-0" daemon [_thread_in_native, id=4844, stack(0x000000005eb60000,0x000000005ec60000)]
  0x000000005bd2e000 JavaThread "http-nio-8081-exec-10" daemon [_thread_blocked, id=7364, stack(0x000000005e9b0000,0x000000005eab0000)]
  0x000000005bd2d000 JavaThread "http-nio-8081-exec-9" daemon [_thread_blocked, id=1572, stack(0x000000005de90000,0x000000005df90000)]
  0x000000005bd2c800 JavaThread "http-nio-8081-exec-8" daemon [_thread_blocked, id=2240, stack(0x000000005e7b0000,0x000000005e8b0000)]
=>0x000000005bd2b800 JavaThread "http-nio-8081-exec-7" daemon [_thread_in_native, id=7848, stack(0x000000005e5f0000,0x000000005e6f0000)]
  0x000000005bd2b000 JavaThread "http-nio-8081-exec-6" daemon [_thread_blocked, id=3472, stack(0x000000005e470000,0x000000005e570000)]
  0x000000005bd2a000 JavaThread "http-nio-8081-exec-5" daemon [_thread_blocked, id=8016, stack(0x000000005e360000,0x000000005e460000)]
  0x000000005bd29800 JavaThread "http-nio-8081-exec-4" daemon [_thread_blocked, id=7320, stack(0x000000005dc30000,0x000000005dd30000)]
  0x000000005bd28800 JavaThread "http-nio-8081-exec-3" daemon [_thread_blocked, id=7784, stack(0x000000005e180000,0x000000005e280000)]
  0x000000005bd28000 JavaThread "http-nio-8081-exec-2" daemon [_thread_blocked, id=5488, stack(0x000000005df90000,0x000000005e090000)]
  0x000000005bd26000 JavaThread "http-nio-8081-exec-1" daemon [_thread_blocked, id=8104, stack(0x000000005dd60000,0x000000005de60000)]
  0x000000005bd1b000 JavaThread "NioBlockingSelector.BlockPoller-1" daemon [_thread_in_native, id=7996, stack(0x000000005d280000,0x000000005d380000)]
  0x000000005ba8b000 JavaThread "container-0" [_thread_blocked, id=4656, stack(0x000000005d380000,0x000000005d480000)]
  0x000000005ba88000 JavaThread "ContainerBackgroundProcessor[StandardEngine[Tomcat]]" daemon [_thread_blocked, id=4288, stack(0x000000005d0f0000,0x000000005d1f0000)]
  0x000000005b860000 JavaThread "RMI Scheduler(0)" daemon [_thread_blocked, id=1396, stack(0x000000005adf0000,0x000000005aef0000)]
  0x0000000059535800 JavaThread "RMI TCP Accept-0" daemon [_thread_in_native, id=7836, stack(0x0000000058c20000,0x0000000058d20000)]
  0x0000000058bb6000 JavaThread "Service Thread" daemon [_thread_blocked, id=5232, stack(0x0000000059160000,0x0000000059260000)]
  0x0000000058b69800 JavaThread "C1 CompilerThread1" daemon [_thread_blocked, id=3512, stack(0x0000000058f80000,0x0000000059080000)]
  0x0000000058b68800 JavaThread "C2 CompilerThread0" daemon [_thread_blocked, id=6564, stack(0x0000000058db0000,0x0000000058eb0000)]
  0x000000005736a800 JavaThread "JDWP Command Reader" daemon [_thread_in_native, id=2064, stack(0x00000000586f0000,0x00000000587f0000)]
  0x0000000057367000 JavaThread "JDWP Event Helper Thread" daemon [_thread_blocked, id=7728, stack(0x0000000057c70000,0x0000000057d70000)]
  0x000000005735a800 JavaThread "JDWP Transport Listener: dt_socket" daemon [_thread_blocked, id=6392, stack(0x00000000584e0000,0x00000000585e0000)]
  0x0000000057340800 JavaThread "Attach Listener" daemon [_thread_blocked, id=5968, stack(0x0000000058350000,0x0000000058450000)]
  0x000000005732a000 JavaThread "Signal Dispatcher" daemon [_thread_blocked, id=7492, stack(0x0000000058170000,0x0000000058270000)]
  0x0000000057314000 JavaThread "Finalizer" daemon [_thread_blocked, id=7192, stack(0x0000000058030000,0x0000000058130000)]
  0x000000005730b000 JavaThread "Reference Handler" daemon [_thread_blocked, id=692, stack(0x0000000057eb0000,0x0000000057fb0000)]

Other Threads:
  0x00000000572c3000 VMThread [stack: 0x0000000057d90000,0x0000000057e90000] [id=4728]
  0x0000000059543800 WatcherThread [stack: 0x000000005a890000,0x000000005a990000] [id=7020]

VM state:not at safepoint (normal execution)

VM Mutex/Monitor currently owned by a thread: None

heap address: 0x0000000081800000, size: 2024 MB, Compressed Oops mode: 32-bit
Narrow klass base: 0x0000000000000000, Narrow klass shift: 0
Compressed class space size: 1073741824 Address: 0x0000000016990000

Heap:
 PSYoungGen      total 248832K, used 82928K [0x00000000d5d80000, 0x00000000e6880000, 0x0000000100000000)
  eden space 235008K, 35% used [0x00000000d5d80000,0x00000000dae7c0d0,0x00000000e4300000)
  from space 13824K, 0% used [0x00000000e5580000,0x00000000e5580000,0x00000000e6300000)
  to   space 18944K, 0% used [0x00000000e4300000,0x00000000e4300000,0x00000000e5580000)
 ParOldGen       total 87552K, used 23728K [0x0000000081800000, 0x0000000086d80000, 0x00000000d5d80000)
  object space 87552K, 27% used [0x0000000081800000,0x0000000082f2c128,0x0000000086d80000)
 Metaspace       used 38451K, capacity 40164K, committed 40448K, reserved 1083392K
  class space    used 5205K, capacity 5531K, committed 5632K, reserved 1048576K

Card table byte_map: [0x0000000011ca0000,0x00000000120a0000] byte_map_base: 0x0000000011894000

Marking Bits: (ParMarkBitMap*) 0x000000005a6d5ce0
 Begin Bits: [0x0000000012650000, 0x00000000145f0000)
 End Bits:   [0x00000000145f0000, 0x0000000016590000)

Polling page: 0x0000000000230000

CodeCache: size=245760Kb used=8518Kb max_used=8518Kb free=237241Kb
 bounds [0x00000000028e0000, 0x0000000003140000, 0x00000000118e0000]
 total_blobs=4547 nmethods=4090 adapters=379
 compilation: enabled

Compilation events (10 events):
Event: 219.748 Thread 0x0000000058b69800 4170       1       org.apache.tomcat.util.descriptor.web.FilterDef::getFilterName (5 bytes)
Event: 219.748 Thread 0x0000000058b69800 nmethod 4170 0x0000000003133290 code [0x00000000031333e0, 0x00000000031334f0]
Event: 222.009 Thread 0x0000000058b69800 4172       1       org.apache.tomcat.util.net.NioEndpoint::access$300 (5 bytes)
Event: 222.009 Thread 0x0000000058b69800 nmethod 4172 0x0000000003133550 code [0x00000000031336a0, 0x0000000003133790]
Event: 222.015 Thread 0x0000000058b69800 4173   !   1       java.nio.channels.spi.AbstractSelectableChannel::findKey (77 bytes)
Event: 222.015 Thread 0x0000000058b69800 nmethod 4173 0x0000000003133810 code [0x00000000031339a0, 0x0000000003133de8]
Event: 222.018 Thread 0x0000000058b69800 4175       1       org.apache.tomcat.util.http.parser.HttpParser::skipLws (53 bytes)
Event: 222.018 Thread 0x0000000058b69800 nmethod 4175 0x0000000003134050 code [0x00000000031341e0, 0x00000000031343e8]
Event: 222.018 Thread 0x0000000058b69800 4174       1       java.util.Locale$LocaleKey::hashCode (5 bytes)
Event: 222.018 Thread 0x0000000058b69800 nmethod 4174 0x0000000003134510 code [0x0000000003134660, 0x0000000003134770]

GC Heap History (10 events):
Event: 9.656 GC heap before
{Heap before GC invocations=4 (full 0):
 PSYoungGen      total 71680K, used 15649K [0x00000000d5d80000, 0x00000000de980000, 0x0000000100000000)
  eden space 66560K, 15% used [0x00000000d5d80000,0x00000000d67ce468,0x00000000d9e80000)
  from space 5120K, 99% used [0x00000000d9e80000,0x00000000da37a250,0x00000000da380000)
  to   space 5120K, 0% used [0x00000000de480000,0x00000000de480000,0x00000000de980000)
 ParOldGen       total 87552K, used 5869K [0x0000000081800000, 0x0000000086d80000, 0x00000000d5d80000)
  object space 87552K, 6% used [0x0000000081800000,0x0000000081dbb698,0x0000000086d80000)
 Metaspace       used 20673K, capacity 21220K, committed 21296K, reserved 1067008K
  class space    used 2753K, capacity 2908K, committed 2944K, reserved 1048576K
Event: 9.702 GC heap after
Heap after GC invocations=4 (full 0):
 PSYoungGen      total 138240K, used 5096K [0x00000000d5d80000, 0x00000000de980000, 0x0000000100000000)
  eden space 133120K, 0% used [0x00000000d5d80000,0x00000000d5d80000,0x00000000ddf80000)
  from space 5120K, 99% used [0x00000000de480000,0x00000000de97a250,0x00000000de980000)
  to   space 5120K, 0% used [0x00000000ddf80000,0x00000000ddf80000,0x00000000de480000)
 ParOldGen       total 87552K, used 6788K [0x0000000081800000, 0x0000000086d80000, 0x00000000d5d80000)
  object space 87552K, 7% used [0x0000000081800000,0x0000000081ea1280,0x0000000086d80000)
 Metaspace       used 20673K, capacity 21220K, committed 21296K, reserved 1067008K
  class space    used 2753K, capacity 2908K, committed 2944K, reserved 1048576K
}
Event: 9.703 GC heap before
{Heap before GC invocations=5 (full 1):
 PSYoungGen      total 138240K, used 5096K [0x00000000d5d80000, 0x00000000de980000, 0x0000000100000000)
  eden space 133120K, 0% used [0x00000000d5d80000,0x00000000d5d80000,0x00000000ddf80000)
  from space 5120K, 99% used [0x00000000de480000,0x00000000de97a250,0x00000000de980000)
  to   space 5120K, 0% used [0x00000000ddf80000,0x00000000ddf80000,0x00000000de480000)
 ParOldGen       total 87552K, used 6788K [0x0000000081800000, 0x0000000086d80000, 0x00000000d5d80000)
  object space 87552K, 7% used [0x0000000081800000,0x0000000081ea1280,0x0000000086d80000)
 Metaspace       used 20673K, capacity 21220K, committed 21296K, reserved 1067008K
  class space    used 2753K, capacity 2908K, committed 2944K, reserved 1048576K
Event: 9.846 GC heap after
Heap after GC invocations=5 (full 1):
 PSYoungGen      total 138240K, used 0K [0x00000000d5d80000, 0x00000000de980000, 0x0000000100000000)
  eden space 133120K, 0% used [0x00000000d5d80000,0x00000000d5d80000,0x00000000ddf80000)
  from space 5120K, 0% used [0x00000000de480000,0x00000000de480000,0x00000000de980000)
  to   space 5120K, 0% used [0x00000000ddf80000,0x00000000ddf80000,0x00000000de480000)
 ParOldGen       total 50688K, used 6650K [0x0000000081800000, 0x0000000084980000, 0x00000000d5d80000)
  object space 50688K, 13% used [0x0000000081800000,0x0000000081e7e828,0x0000000084980000)
 Metaspace       used 20673K, capacity 21220K, committed 21296K, reserved 1067008K
  class space    used 2753K, capacity 2908K, committed 2944K, reserved 1048576K
}
Event: 12.691 GC heap before
{Heap before GC invocations=6 (full 1):
 PSYoungGen      total 138240K, used 133120K [0x00000000d5d80000, 0x00000000de980000, 0x0000000100000000)
  eden space 133120K, 100% used [0x00000000d5d80000,0x00000000ddf80000,0x00000000ddf80000)
  from space 5120K, 0% used [0x00000000de480000,0x00000000de480000,0x00000000de980000)
  to   space 5120K, 0% used [0x00000000ddf80000,0x00000000ddf80000,0x00000000de480000)
 ParOldGen       total 50688K, used 6650K [0x0000000081800000, 0x0000000084980000, 0x00000000d5d80000)
  object space 50688K, 13% used [0x0000000081800000,0x0000000081e7e828,0x0000000084980000)
 Metaspace       used 27393K, capacity 28312K, committed 28544K, reserved 1073152K
  class space    used 3654K, capacity 3890K, committed 3968K, reserved 1048576K
Event: 12.721 GC heap after
Heap after GC invocations=6 (full 1):
 PSYoungGen      total 138240K, used 5104K [0x00000000d5d80000, 0x00000000e6300000, 0x0000000100000000)
  eden space 133120K, 0% used [0x00000000d5d80000,0x00000000d5d80000,0x00000000ddf80000)
  from space 5120K, 99% used [0x00000000ddf80000,0x00000000de47c030,0x00000000de480000)
  to   space 13824K, 0% used [0x00000000e5580000,0x00000000e5580000,0x00000000e6300000)
 ParOldGen       total 50688K, used 14868K [0x0000000081800000, 0x0000000084980000, 0x00000000d5d80000)
  object space 50688K, 29% used [0x0000000081800000,0x00000000826853f8,0x0000000084980000)
 Metaspace       used 27393K, capacity 28312K, committed 28544K, reserved 1073152K
  class space    used 3654K, capacity 3890K, committed 3968K, reserved 1048576K
}
Event: 15.811 GC heap before
{Heap before GC invocations=7 (full 1):
 PSYoungGen      total 138240K, used 120114K [0x00000000d5d80000, 0x00000000e6300000, 0x0000000100000000)
  eden space 133120K, 86% used [0x00000000d5d80000,0x00000000dcdd0920,0x00000000ddf80000)
  from space 5120K, 99% used [0x00000000ddf80000,0x00000000de47c030,0x00000000de480000)
  to   space 13824K, 0% used [0x00000000e5580000,0x00000000e5580000,0x00000000e6300000)
 ParOldGen       total 50688K, used 14868K [0x0000000081800000, 0x0000000084980000, 0x00000000d5d80000)
  object space 50688K, 29% used [0x0000000081800000,0x00000000826853f8,0x0000000084980000)
 Metaspace       used 33958K, capacity 35442K, committed 35496K, reserved 1079296K
  class space    used 4546K, capacity 4841K, committed 4864K, reserved 1048576K
Event: 15.869 GC heap after
Heap after GC invocations=7 (full 1):
 PSYoungGen      total 248832K, used 13805K [0x00000000d5d80000, 0x00000000e6880000, 0x0000000100000000)
  eden space 235008K, 0% used [0x00000000d5d80000,0x00000000d5d80000,0x00000000e4300000)
  from space 13824K, 99% used [0x00000000e5580000,0x00000000e62fb718,0x00000000e6300000)
  to   space 18944K, 0% used [0x00000000e4300000,0x00000000e4300000,0x00000000e5580000)
 ParOldGen       total 50688K, used 19294K [0x0000000081800000, 0x0000000084980000, 0x00000000d5d80000)
  object space 50688K, 38% used [0x0000000081800000,0x0000000082ad78d0,0x0000000084980000)
 Metaspace       used 33958K, capacity 35442K, committed 35496K, reserved 1079296K
  class space    used 4546K, capacity 4841K, committed 4864K, reserved 1048576K
}
Event: 15.869 GC heap before
{Heap before GC invocations=8 (full 2):
 PSYoungGen      total 248832K, used 13805K [0x00000000d5d80000, 0x00000000e6880000, 0x0000000100000000)
  eden space 235008K, 0% used [0x00000000d5d80000,0x00000000d5d80000,0x00000000e4300000)
  from space 13824K, 99% used [0x00000000e5580000,0x00000000e62fb718,0x00000000e6300000)
  to   space 18944K, 0% used [0x00000000e4300000,0x00000000e4300000,0x00000000e5580000)
 ParOldGen       total 50688K, used 19294K [0x0000000081800000, 0x0000000084980000, 0x00000000d5d80000)
  object space 50688K, 38% used [0x0000000081800000,0x0000000082ad78d0,0x0000000084980000)
 Metaspace       used 33958K, capacity 35442K, committed 35496K, reserved 1079296K
  class space    used 4546K, capacity 4841K, committed 4864K, reserved 1048576K
Event: 16.202 GC heap after
Heap after GC invocations=8 (full 2):
 PSYoungGen      total 248832K, used 0K [0x00000000d5d80000, 0x00000000e6880000, 0x0000000100000000)
  eden space 235008K, 0% used [0x00000000d5d80000,0x00000000d5d80000,0x00000000e4300000)
  from space 13824K, 0% used [0x00000000e5580000,0x00000000e5580000,0x00000000e6300000)
  to   space 18944K, 0% used [0x00000000e4300000,0x00000000e4300000,0x00000000e5580000)
 ParOldGen       total 87552K, used 23728K [0x0000000081800000, 0x0000000086d80000, 0x00000000d5d80000)
  object space 87552K, 27% used [0x0000000081800000,0x0000000082f2c128,0x0000000086d80000)
 Metaspace       used 33958K, capacity 35442K, committed 35496K, reserved 1079296K
  class space    used 4546K, capacity 4841K, committed 4864K, reserved 1048576K
}

Deoptimization events (0 events):
No events

Classes redefined (0 events):
No events

Internal exceptions (10 events):
Event: 16.926 Thread 0x0000000002435000 Exception <a 'java/lang/ArrayIndexOutOfBoundsException'> (0x00000000d79cecd0) thrown at [C:\re\workspace\8-2-build-windows-amd64-cygwin\jdk8u211\12973\hotspot\src\share\vm\runtime\sharedRuntime.cpp, line 605]
Event: 16.927 Thread 0x0000000002435000 Exception <a 'java/lang/ArrayIndexOutOfBoundsException'> (0x00000000d79d0b38) thrown at [C:\re\workspace\8-2-build-windows-amd64-cygwin\jdk8u211\12973\hotspot\src\share\vm\runtime\sharedRuntime.cpp, line 605]
Event: 16.927 Thread 0x0000000002435000 Exception <a 'java/lang/ArrayIndexOutOfBoundsException'> (0x00000000d79d3938) thrown at [C:\re\workspace\8-2-build-windows-amd64-cygwin\jdk8u211\12973\hotspot\src\share\vm\runtime\sharedRuntime.cpp, line 605]
Event: 16.927 Thread 0x0000000002435000 Exception <a 'java/lang/ArrayIndexOutOfBoundsException'> (0x00000000d79d5788) thrown at [C:\re\workspace\8-2-build-windows-amd64-cygwin\jdk8u211\12973\hotspot\src\share\vm\runtime\sharedRuntime.cpp, line 605]
Event: 16.927 Thread 0x0000000002435000 Exception <a 'java/lang/ArrayIndexOutOfBoundsException'> (0x00000000d79d7b18) thrown at [C:\re\workspace\8-2-build-windows-amd64-cygwin\jdk8u211\12973\hotspot\src\share\vm\runtime\sharedRuntime.cpp, line 605]
Event: 17.012 Thread 0x0000000002435000 Exception <a 'java/lang/ArrayIndexOutOfBoundsException'> (0x00000000d7b98d88) thrown at [C:\re\workspace\8-2-build-windows-amd64-cygwin\jdk8u211\12973\hotspot\src\share\vm\runtime\sharedRuntime.cpp, line 605]
Event: 17.012 Thread 0x0000000002435000 Exception <a 'java/lang/ArrayIndexOutOfBoundsException'> (0x00000000d7b9a958) thrown at [C:\re\workspace\8-2-build-windows-amd64-cygwin\jdk8u211\12973\hotspot\src\share\vm\runtime\sharedRuntime.cpp, line 605]
Event: 20.997 Thread 0x000000005bd28000 Exception <a 'java/io/FileNotFoundException'> (0x00000000d9d90778) thrown at [C:\re\workspace\8-2-build-windows-amd64-cygwin\jdk8u211\12973\hotspot\src\share\vm\prims\jni.cpp, line 710]
Event: 21.019 Thread 0x000000005bd28000 Exception <a 'java/io/FileNotFoundException'> (0x00000000d9da7170) thrown at [C:\re\workspace\8-2-build-windows-amd64-cygwin\jdk8u211\12973\hotspot\src\share\vm\prims\jni.cpp, line 710]
Event: 21.246 Thread 0x000000005bd28000 Exception <a 'java/lang/NoSuchMethodError': java.lang.Object.lambda$thenComparing$36697e65$1(Ljava/util/Comparator;Ljava/lang/Object;Ljava/lang/Object;)I> (0x00000000da1655c0) thrown at [C:\re\workspace\8-2-build-windows-amd64-cygwin\jdk8u211\12973\hotspo

Events (10 events):
Event: 219.821 Thread 0x000000005bd30000 Thread added: 0x000000005bd30000
Event: 222.016 Executing VM operation: RevokeBias
Event: 222.017 Executing VM operation: RevokeBias done
Event: 222.020 Executing VM operation: RevokeBias
Event: 222.021 Executing VM operation: RevokeBias done
Event: 222.040 Executing VM operation: RevokeBias
Event: 222.041 Executing VM operation: RevokeBias done
Event: 222.556 Executing VM operation: RevokeBias
Event: 222.556 Executing VM operation: RevokeBias done
Event: 222.559 Thread 0x000000005bd30000 Thread exited: 0x000000005bd30000


Dynamic libraries:
0x000000013fe70000 - 0x000000013fea7000 	C:\Program Files\Java\jdk1.8.0_211\bin\java.exe
0x0000000077050000 - 0x00000000771f9000 	C:\Windows\SYSTEM32\ntdll.dll
0x0000000076e30000 - 0x0000000076f4f000 	C:\Windows\system32\kernel32.dll
0x000007fefcec0000 - 0x000007fefcf2b000 	C:\Windows\system32\KERNELBASE.dll
0x000007fefec10000 - 0x000007fefeceb000 	C:\Windows\system32\ADVAPI32.dll
0x000007fefd380000 - 0x000007fefd41f000 	C:\Windows\system32\msvcrt.dll
0x000007fefe920000 - 0x000007fefe93f000 	C:\Windows\SYSTEM32\sechost.dll
0x000007fefe1b0000 - 0x000007fefe2dd000 	C:\Windows\system32\RPCRT4.dll
0x0000000076f50000 - 0x000000007704a000 	C:\Windows\system32\USER32.dll
0x000007fefe2e0000 - 0x000007fefe347000 	C:\Windows\system32\GDI32.dll
0x000007fefe940000 - 0x000007fefe94e000 	C:\Windows\system32\LPK.dll
0x000007fefe400000 - 0x000007fefe4c9000 	C:\Windows\system32\USP10.dll
0x000007fefb7a0000 - 0x000007fefb994000 	C:\Windows\WinSxS\amd64_microsoft.windows.common-controls_6595b64144ccf1df_6.0.7601.17514_none_fa396087175ac9ac\COMCTL32.dll
0x000007feff0d0000 - 0x000007feff141000 	C:\Windows\system32\SHLWAPI.dll
0x000007fefecf0000 - 0x000007fefed1e000 	C:\Windows\system32\IMM32.DLL
0x000007fefeb00000 - 0x000007fefec09000 	C:\Windows\system32\MSCTF.dll
0x000000005a760000 - 0x000000005a832000 	C:\Program Files\Java\jdk1.8.0_211\jre\bin\msvcr100.dll
0x0000000059eb0000 - 0x000000005a755000 	C:\Program Files\Java\jdk1.8.0_211\jre\bin\server\jvm.dll
0x000007fef8b70000 - 0x000007fef8b79000 	C:\Windows\system32\WSOCK32.dll
0x000007fefe350000 - 0x000007fefe39d000 	C:\Windows\system32\WS2_32.dll
0x000007fefd190000 - 0x000007fefd198000 	C:\Windows\system32\NSI.dll
0x000007fefacc0000 - 0x000007fefacfb000 	C:\Windows\system32\WINMM.dll
0x000007fefc200000 - 0x000007fefc20c000 	C:\Windows\system32\VERSION.dll
0x0000000077210000 - 0x0000000077217000 	C:\Windows\system32\PSAPI.DLL
0x000007fefa4f0000 - 0x000007fefa4ff000 	C:\Program Files\Java\jdk1.8.0_211\jre\bin\verify.dll
0x000007fef1be0000 - 0x000007fef1c09000 	C:\Program Files\Java\jdk1.8.0_211\jre\bin\java.dll
0x000007fee5b50000 - 0x000007fee5b85000 	C:\Program Files\Java\jdk1.8.0_211\jre\bin\jdwp.dll
0x000007fef71d0000 - 0x000007fef71d8000 	C:\Program Files\Java\jdk1.8.0_211\jre\bin\npt.dll
0x000007fee5b20000 - 0x000007fee5b43000 	C:\Program Files\Java\jdk1.8.0_211\jre\bin\instrument.dll
0x000007fef3bb0000 - 0x000007fef3bc6000 	C:\Program Files\Java\jdk1.8.0_211\jre\bin\zip.dll
0x000007fefd420000 - 0x000007fefe1a8000 	C:\Windows\system32\SHELL32.dll
0x000007feff150000 - 0x000007feff353000 	C:\Windows\system32\ole32.dll
0x000007fefcde0000 - 0x000007fefcdef000 	C:\Windows\system32\profapi.dll
0x000007fef3b60000 - 0x000007fef3b69000 	C:\Program Files\Java\jdk1.8.0_211\jre\bin\dt_socket.dll
0x000007fefc630000 - 0x000007fefc685000 	C:\Windows\system32\mswsock.dll
0x000007fefbf20000 - 0x000007fefbf27000 	C:\Windows\System32\wshtcpip.dll
0x000007fee5b00000 - 0x000007fee5b1a000 	C:\Program Files\Java\jdk1.8.0_211\jre\bin\net.dll
0x000007fefe950000 - 0x000007fefead5000 	C:\Windows\system32\urlmon.dll
0x000007fefd180000 - 0x000007fefd184000 	C:\Windows\system32\api-ms-win-downlevel-ole32-l1-1-0.dll
0x000007fefceb0000 - 0x000007fefceb4000 	C:\Windows\system32\api-ms-win-downlevel-shlwapi-l1-1-0.dll
0x000007fefcf80000 - 0x000007fefcf85000 	C:\Windows\system32\api-ms-win-downlevel-advapi32-l1-1-0.dll
0x000007fefcf50000 - 0x000007fefcf54000 	C:\Windows\system32\api-ms-win-downlevel-user32-l1-1-0.dll
0x000007fefcf60000 - 0x000007fefcf64000 	C:\Windows\system32\api-ms-win-downlevel-version-l1-1-0.dll
0x000007fefcf70000 - 0x000007fefcf73000 	C:\Windows\system32\api-ms-win-downlevel-normaliz-l1-1-0.dll
0x0000000077220000 - 0x0000000077223000 	C:\Windows\system32\normaliz.DLL
0x000007fefe650000 - 0x000007fefe919000 	C:\Windows\system32\iertutil.dll
0x000007fefee40000 - 0x000007feff0c3000 	C:\Windows\system32\WININET.dll
0x000007fefcf30000 - 0x000007fefcf4e000 	C:\Windows\system32\USERENV.dll
0x000007fefc620000 - 0x000007fefc627000 	C:\Windows\System32\wship6.dll
0x000007fefc4b0000 - 0x000007fefc50b000 	C:\Windows\system32\DNSAPI.dll
0x000000006ff60000 - 0x000000006ff86000 	C:\Program Files\Bonjour\mdnsNSP.dll
0x000007fefa380000 - 0x000007fefa3a7000 	C:\Windows\system32\Iphlpapi.DLL
0x000007fefa360000 - 0x000007fefa36b000 	C:\Windows\system32\WINNSI.DLL
0x000007fef7210000 - 0x000007fef7218000 	C:\Windows\system32\rasadhlp.dll
0x000007fef9ff0000 - 0x000007fefa043000 	C:\Windows\System32\fwpuclnt.dll
0x000007fef3b50000 - 0x000007fef3b5d000 	C:\Program Files\Java\jdk1.8.0_211\jre\bin\management.dll
0x000007fef3b10000 - 0x000007fef3b22000 	C:\Program Files\Java\jdk1.8.0_211\jre\bin\nio.dll
0x000007fefc690000 - 0x000007fefc6a7000 	C:\Windows\system32\CRYPTSP.dll
0x000007fefc390000 - 0x000007fefc3d7000 	C:\Windows\system32\rsaenh.dll
0x000007fefcc70000 - 0x000007fefcc7f000 	C:\Windows\system32\CRYPTBASE.dll
0x000007fef9f70000 - 0x000007fef9f88000 	C:\Windows\system32\dhcpcsvc.DLL
0x000007fef9e50000 - 0x000007fef9e61000 	C:\Windows\system32\dhcpcsvc6.DLL
0x000007fefad00000 - 0x000007fefad15000 	C:\Windows\system32\NLAapi.dll
0x000007fef7b00000 - 0x000007fef7b15000 	C:\Windows\system32\napinsp.dll
0x000007fef7ae0000 - 0x000007fef7af9000 	C:\Windows\system32\pnrpnsp.dll
0x000007fef7ad0000 - 0x000007fef7adb000 	C:\Windows\System32\winrnr.dll
0x000007fef7ac0000 - 0x000007fef7ad0000 	C:\Windows\system32\wshbth.dll
0x0000000180000000 - 0x0000000180025000 	C:\Program Files\Java\jdk1.8.0_211\jre\lib\ext\rxtxSerial.dll
0x000007fef7d30000 - 0x000007fef7e55000 	C:\Windows\system32\dbghelp.dll

VM Arguments:
jvm_args: -agentlib:jdwp=transport=dt_socket,address=127.0.0.1:63528,suspend=y,server=n -XX:TieredStopAtLevel=1 -Xverify:none -Dspring.output.ansi.enabled=always -Dcom.sun.management.jmxremote -Dspring.liveBeansView.mbeanDomain -Dspring.application.admin.enabled=true -javaagent:C:\Users\Administrator\.IntelliJIdea2018.2\system\captureAgent\debugger-agent.jar=file:/C:/Users/Administrator/AppData/Local/Temp/capture.props -Dfile.encoding=UTF-8 
java_command: com.alarm.monitor.Application
java_class_path (initial): C:\Program Files\Java\jdk1.8.0_211\jre\lib\charsets.jar;C:\Program Files\Java\jdk1.8.0_211\jre\lib\deploy.jar;C:\Program Files\Java\jdk1.8.0_211\jre\lib\ext\access-bridge-64.jar;C:\Program Files\Java\jdk1.8.0_211\jre\lib\ext\cldrdata.jar;C:\Program Files\Java\jdk1.8.0_211\jre\lib\ext\dnsns.jar;C:\Program Files\Java\jdk1.8.0_211\jre\lib\ext\jaccess.jar;C:\Program Files\Java\jdk1.8.0_211\jre\lib\ext\jfxrt.jar;C:\Program Files\Java\jdk1.8.0_211\jre\lib\ext\localedata.jar;C:\Program Files\Java\jdk1.8.0_211\jre\lib\ext\nashorn.jar;C:\Program Files\Java\jdk1.8.0_211\jre\lib\ext\sunec.jar;C:\Program Files\Java\jdk1.8.0_211\jre\lib\ext\sunjce_provider.jar;C:\Program Files\Java\jdk1.8.0_211\jre\lib\ext\sunmscapi.jar;C:\Program Files\Java\jdk1.8.0_211\jre\lib\ext\sunpkcs11.jar;C:\Program Files\Java\jdk1.8.0_211\jre\lib\ext\zipfs.jar;C:\Program Files\Java\jdk1.8.0_211\jre\lib\javaws.jar;C:\Program Files\Java\jdk1.8.0_211\jre\lib\jce.jar;C:\Program Files\Java\jdk1.8.0_211\jre\lib\jfr.jar;C:\Program Files\Java\jdk1.8.0_211\jre\lib\jfxswt.jar;C:\Program Files\Java\jdk1.8.0_211\jre\lib\jsse.jar;C:\Program Files\Java\jdk1.8.0_211\jre\lib\management-agent.jar;C:\Program Files\Java\jdk1.8.0_211\jre\lib\plugin.jar;C:\Program Files\Java\jdk1.8.0_211\jre\lib\resources.jar;C:\Program Files\Java\jdk1.8.0_211\jre\lib\rt.jar;D:\github\code\java\monitor-led\target\classes;E:\Program Files\maven_repo\junit\junit\4.12\junit-4.12.jar;E:\Program Files\maven_repo\org\hamcrest\hamcrest-core\1.3\hamcrest-core-1.3.jar;E:\Program Files\maven_repo\com\alibaba\fastjson\1.2.38\fastjson-1.2.38.jar;E:\Program Files\maven_repo\com\github\xiaoymin\knife4j-spring-boot-starter\2.0.2\knife4j-spring-boot-starter-2.0.2.jar;E:\Program Files\maven_repo\com\github\xiaoymin\knife4j-spring-boot-autoconfigure\2.0.2\knife4j-spring-boot-autoconfigure-2.0.2.jar;E:\Program Files\maven_repo\com\github\xiaoymin\knife4j-spring\2.0.2\knife4j-spring-2.0.2.jar;E:\Program Files\maven_repo\com\github\
Launcher Type: SUN_STANDARD

Environment Variables:
JAVA_HOME=C:\Program Files\Java\jdk1.8.0_211
CLASSPATH=.;C:\Program Files\Java\jdk1.8.0_211\lib;C:\Program Files\Java\jdk1.8.0_211\lib\dt.jar;C:\Program Files\Java\jdk1.8.0_211\lib\tools.jar
PATH=C:\Program Files (x86)\Common Files\Oracle\Java\javapath;C:\Program Files (x86)\NetSarang\Xftp 6\;C:\Program Files (x86)\Common Files\NetSarang;C:\Windows\system32;C:\Windows;C:\Windows\System32\Wbem;C:\Windows\System32\WindowsPowerShell\v1.0\;C:\Program Files\Java\jdk1.8.0_211\bin;C:\Program Files\Java\jdk1.8.0_211\jre\bin;E:\Program Files\apache-maven\bin;E:\Program Files\nodejs\;e:\Program Files\Git\cmd;C:\Users\Administrator\AppData\Roaming\npm;C:\Users\Administrator\AppData\Local\GitHubDesktop\bin
USERNAME=Administrator
OS=Windows_NT
PROCESSOR_IDENTIFIER=Intel64 Family 6 Model 23 Stepping 6, GenuineIntel



---------------  S Y S T E M  ---------------

OS: Windows 7 , 64 bit Build 7601 (6.1.7601.18015)

CPU:total 2 (initial active 2) (2 cores per cpu, 1 threads per core) family 6 model 23 stepping 6, cmov, cx8, fxsr, mmx, sse, sse2, sse3, ssse3, sse4.1, tsc

Memory: 4k page, physical 8282140k(3339796k free), swap 16562416k(10567708k free)

vm_info: Java HotSpot(TM) 64-Bit Server VM (25.211-b12) for windows-amd64 JRE (1.8.0_211-b12), built on Apr  1 2019 20:53:26 by "java_re" with MS VC++ 10.0 (VS2010)

time: Wed Aug 26 11:22:37 2020
timezone: 中国标准时间
elapsed time: 222 seconds (0d 0h 3m 42s)

