2020-07-21 17:38:12.804 [main] [34m[INFO][0;39m com.alarm.monitor.Application 18 程序启动
2020-07-21 17:38:13.927 [main] [31m[WARN][0;39m o.s.b.l.logback.LogbackLoggingSystem 121 Ignoring 'logback.configurationFile' system property. Please use 'logging.config' instead.
2020-07-21 17:38:14.192 [main] [34m[INFO][0;39m com.alarm.monitor.Application 50 Starting Application v1.0-SNAPSHOT on SC-201905172112 with PID 4428 (D:\project\monitor-led\target\monitor-led-1.0-SNAPSHOT\lib\monitor-led-1.0-SNAPSHOT.jar started by Administrator in D:\project\monitor-led\target\monitor-led-1.0-SNAPSHOT\bin)
2020-07-21 17:38:14.208 [main] [34m[INFO][0;39m com.alarm.monitor.Application 675 No active profile set, falling back to default profiles: default
2020-07-21 17:38:21.561 [main] [34m[INFO][0;39m o.s.b.w.e.tomcat.TomcatWebServer 90 Tomcat initialized with port(s): 8081 (http)
2020-07-21 17:38:21.754 [main] [34m[INFO][0;39m o.a.catalina.core.StandardService 173 Starting service [Tomcat]
2020-07-21 17:38:22.014 [main] [34m[INFO][0;39m o.a.catalina.core.StandardEngine 173 Starting Servlet Engine: Apache Tomcat/9.0.12
2020-07-21 17:38:22.079 [main] [34m[INFO][0;39m o.a.c.core.AprLifecycleListener 173 The APR based Apache Tomcat Native library which allows optimal performance in production environments was not found on the java.library.path: [C:\Program Files\Java\jdk1.8.0_211\bin;C:\Windows\Sun\Java\bin;C:\Windows\system32;C:\Windows;C:\Program Files (x86)\NetSarang\Xftp 6\;C:\Program Files (x86)\Common Files\NetSarang;C:\Windows\system32;C:\Windows;C:\Windows\System32\Wbem;C:\Windows\System32\WindowsPowerShell\v1.0\;C:\Program Files\Java\jdk1.8.0_211\bin;C:\Program Files\Java\jdk1.8.0_211\jre\bin;E:\Program Files\apache-maven\bin;E:\Program Files\nodejs\;e:\Program Files\Git\cmd;C:\Users\Administrator\AppData\Roaming\npm;C:\Users\Administrator\AppData\Local\GitHubDesktop\bin;.]
2020-07-21 17:38:22.794 [main] [34m[INFO][0;39m o.a.c.c.C.[Tomcat].[localhost].[/] 173 Initializing Spring embedded WebApplicationContext
2020-07-21 17:38:22.822 [main] [34m[INFO][0;39m o.s.web.context.ContextLoader 285 Root WebApplicationContext: initialization completed in 8349 ms
2020-07-21 17:38:23.029 [main] [34m[INFO][0;39m o.s.b.w.s.ServletRegistrationBean 186 Servlet dispatcherServlet mapped to [/]
2020-07-21 17:38:23.040 [main] [34m[INFO][0;39m o.s.b.w.s.FilterRegistrationBean 248 Mapping filter: 'characterEncodingFilter' to: [/*]
2020-07-21 17:38:23.042 [main] [34m[INFO][0;39m o.s.b.w.s.FilterRegistrationBean 248 Mapping filter: 'hiddenHttpMethodFilter' to: [/*]
2020-07-21 17:38:23.044 [main] [34m[INFO][0;39m o.s.b.w.s.FilterRegistrationBean 248 Mapping filter: 'formContentFilter' to: [/*]
2020-07-21 17:38:23.045 [main] [34m[INFO][0;39m o.s.b.w.s.FilterRegistrationBean 248 Mapping filter: 'requestContextFilter' to: [/*]
2020-07-21 17:38:23.048 [main] [34m[INFO][0;39m o.s.b.w.s.FilterRegistrationBean 248 Mapping filter: 'securityBasicAuthFilter' to: [/*]
2020-07-21 17:38:23.055 [main] [34m[INFO][0;39m o.s.b.w.s.FilterRegistrationBean 248 Mapping filter: 'productionSecurityFilter' to: [/*]
2020-07-21 17:38:25.249 [main] [34m[INFO][0;39m s.d.s.w.PropertySourcedRequestMappingHandlerMapping 69 Mapped URL path [/v2/api-docs] onto method [public org.springframework.http.ResponseEntity<springfox.documentation.spring.web.json.Json> springfox.documentation.swagger2.web.Swagger2Controller.getDocumentation(java.lang.String,javax.servlet.http.HttpServletRequest)]
2020-07-21 17:38:25.564 [main] [34m[INFO][0;39m o.s.s.c.ThreadPoolTaskExecutor 171 Initializing ExecutorService 'applicationTaskExecutor'
2020-07-21 17:38:25.990 [main] [31m[WARN][0;39m o.s.b.a.t.ThymeleafAutoConfiguration$DefaultTemplateResolverConfiguration 108 Cannot find template location: classpath:/templates/ (please add some templates or check your Thymeleaf configuration)
2020-07-21 17:38:26.214 [main] [34m[INFO][0;39m s.d.s.w.p.DocumentationPluginsBootstrapper 160 Context refreshed
2020-07-21 17:38:26.266 [main] [34m[INFO][0;39m s.d.s.w.p.DocumentationPluginsBootstrapper 163 Found 1 custom documentation plugin(s)
2020-07-21 17:38:26.321 [main] [34m[INFO][0;39m s.d.s.w.s.ApiListingReferenceScanner 41 Scanning for api listing references
2020-07-21 17:38:27.103 [main] [34m[INFO][0;39m o.s.b.w.e.tomcat.TomcatWebServer 204 Tomcat started on port(s): 8081 (http) with context path ''
2020-07-21 17:38:27.111 [main] [34m[INFO][0;39m com.alarm.monitor.Application 59 Started Application in 13.916 seconds (JVM running for 15.469)
2020-07-21 17:38:27.305 [http-nio-8081-exec-1] [34m[INFO][0;39m o.a.c.c.C.[Tomcat].[localhost].[/] 173 Initializing Spring DispatcherServlet 'dispatcherServlet'
2020-07-21 17:38:27.307 [http-nio-8081-exec-1] [34m[INFO][0;39m o.s.web.servlet.DispatcherServlet 521 Initializing Servlet 'dispatcherServlet'
2020-07-21 17:38:27.326 [http-nio-8081-exec-1] [34m[INFO][0;39m o.s.web.servlet.DispatcherServlet 543 Completed initialization in 18 ms
2020-07-21 17:38:39.765 [http-nio-8081-exec-1] [34m[INFO][0;39m c.a.m.controller.AlarmLedController 110 串口已打开
2020-07-21 17:38:39.818 [http-nio-8081-exec-1] [34m[INFO][0;39m c.a.monitor.utils.SerialPortManager 109 结果：014102004BFF
2020-07-21 17:38:39.875 [http-nio-8081-exec-1] [34m[INFO][0;39m c.a.monitor.utils.SerialPortManager 109 结果：01410500B6FE
2020-07-21 17:38:39.929 [http-nio-8081-exec-1] [34m[INFO][0;39m c.a.monitor.utils.SerialPortManager 109 结果：014102004BFF
2020-07-21 17:38:39.991 [http-nio-8081-exec-1] [34m[INFO][0;39m c.a.monitor.utils.SerialPortManager 109 结果：01410500B6FE
2020-07-21 17:38:40.051 [http-nio-8081-exec-1] [34m[INFO][0;39m c.a.monitor.utils.SerialPortManager 109 结果：014102004BFF
2020-07-21 17:38:40.122 [http-nio-8081-exec-1] [34m[INFO][0;39m c.a.monitor.utils.SerialPortManager 109 结果：01410500B6FE
2020-07-21 17:38:40.192 [http-nio-8081-exec-1] [34m[INFO][0;39m c.a.monitor.utils.SerialPortManager 109 结果：014102004BFF
2020-07-21 17:38:40.272 [http-nio-8081-exec-1] [34m[INFO][0;39m c.a.monitor.utils.SerialPortManager 109 结果：01410500B6FE
2020-07-21 17:38:40.353 [http-nio-8081-exec-1] [34m[INFO][0;39m c.a.monitor.utils.SerialPortManager 109 结果：014102004BFF
2020-07-21 17:38:40.443 [http-nio-8081-exec-1] [34m[INFO][0;39m c.a.monitor.utils.SerialPortManager 109 结果：01410500B6FE
2020-07-21 17:38:40.532 [http-nio-8081-exec-1] [34m[INFO][0;39m c.a.monitor.utils.SerialPortManager 109 结果：014102004BFF
2020-07-21 17:38:40.631 [http-nio-8081-exec-1] [34m[INFO][0;39m c.a.monitor.utils.SerialPortManager 109 结果：01410500B6FE
2020-07-21 17:38:40.731 [http-nio-8081-exec-1] [34m[INFO][0;39m c.a.monitor.utils.SerialPortManager 109 结果：014102004BFF
2020-07-21 17:38:40.837 [http-nio-8081-exec-1] [34m[INFO][0;39m c.a.monitor.utils.SerialPortManager 109 结果：01410500B6FE
2020-07-21 17:38:40.942 [http-nio-8081-exec-1] [34m[INFO][0;39m c.a.monitor.utils.SerialPortManager 109 结果：014102004BFF
2020-07-21 17:38:41.061 [http-nio-8081-exec-1] [34m[INFO][0;39m c.a.monitor.utils.SerialPortManager 109 结果：01410500B6FE
2020-07-21 17:38:41.173 [http-nio-8081-exec-1] [34m[INFO][0;39m c.a.monitor.utils.SerialPortManager 109 结果：014102004BFF
2020-07-21 17:38:41.293 [http-nio-8081-exec-1] [34m[INFO][0;39m c.a.monitor.utils.SerialPortManager 109 结果：01410500B6FE
2020-07-21 17:38:41.412 [http-nio-8081-exec-1] [34m[INFO][0;39m c.a.monitor.utils.SerialPortManager 109 结果：014102004BFF
2020-07-21 17:38:41.538 [http-nio-8081-exec-1] [34m[INFO][0;39m c.a.monitor.utils.SerialPortManager 109 结果：01410500B6FE
2020-07-21 17:38:41.667 [http-nio-8081-exec-1] [34m[INFO][0;39m c.a.monitor.utils.SerialPortManager 109 结果：014102004BFF
2020-07-21 17:38:41.801 [http-nio-8081-exec-1] [34m[INFO][0;39m c.a.monitor.utils.SerialPortManager 109 结果：01410500B6FE
2020-07-21 17:38:41.934 [http-nio-8081-exec-1] [34m[INFO][0;39m c.a.monitor.utils.SerialPortManager 109 结果：014102004BFF
2020-07-21 17:38:42.069 [http-nio-8081-exec-1] [34m[INFO][0;39m c.a.monitor.utils.SerialPortManager 109 结果：01410500B6FE
2020-07-21 17:38:42.206 [http-nio-8081-exec-1] [34m[INFO][0;39m c.a.monitor.utils.SerialPortManager 109 结果：014102004BFF
2020-07-21 17:38:42.345 [http-nio-8081-exec-1] [34m[INFO][0;39m c.a.monitor.utils.SerialPortManager 109 结果：01410500B6FE
2020-07-21 17:38:42.484 [http-nio-8081-exec-1] [34m[INFO][0;39m c.a.monitor.utils.SerialPortManager 109 结果：014102004BFF
2020-07-21 17:38:42.626 [http-nio-8081-exec-1] [34m[INFO][0;39m c.a.monitor.utils.SerialPortManager 109 结果：01410500B6FE
2020-07-21 17:38:42.772 [http-nio-8081-exec-1] [34m[INFO][0;39m c.a.monitor.utils.SerialPortManager 109 结果：014102004BFF
2020-07-21 17:38:42.914 [http-nio-8081-exec-1] [34m[INFO][0;39m c.a.monitor.utils.SerialPortManager 109 结果：01410500B6FE
2020-07-21 17:38:43.058 [http-nio-8081-exec-1] [34m[INFO][0;39m c.a.monitor.utils.SerialPortManager 109 结果：014102004BFF
2020-07-21 17:38:43.200 [http-nio-8081-exec-1] [34m[INFO][0;39m c.a.monitor.utils.SerialPortManager 109 结果：01410500B6FE
2020-07-21 17:38:43.345 [http-nio-8081-exec-1] [34m[INFO][0;39m c.a.monitor.utils.SerialPortManager 109 结果：014102004BFF
2020-07-21 17:38:43.486 [http-nio-8081-exec-1] [34m[INFO][0;39m c.a.monitor.utils.SerialPortManager 109 结果：01410500B6FE
2020-07-21 17:38:43.637 [http-nio-8081-exec-1] [34m[INFO][0;39m c.a.monitor.utils.SerialPortManager 109 结果：014102004BFF
2020-07-21 17:38:43.776 [http-nio-8081-exec-1] [34m[INFO][0;39m c.a.monitor.utils.SerialPortManager 109 结果：01410500B6FE
2020-07-21 17:38:43.918 [http-nio-8081-exec-1] [34m[INFO][0;39m c.a.monitor.utils.SerialPortManager 109 结果：014102004BFF
2020-07-21 17:38:44.066 [http-nio-8081-exec-1] [34m[INFO][0;39m c.a.monitor.utils.SerialPortManager 109 结果：01410500B6FE
2020-07-21 17:38:44.203 [http-nio-8081-exec-1] [34m[INFO][0;39m c.a.monitor.utils.SerialPortManager 109 结果：014102004BFF
2020-07-21 17:38:44.339 [http-nio-8081-exec-1] [34m[INFO][0;39m c.a.monitor.utils.SerialPortManager 109 结果：01410500B6FE
2020-07-21 17:38:44.472 [http-nio-8081-exec-1] [34m[INFO][0;39m c.a.monitor.utils.SerialPortManager 109 结果：014102004BFF
2020-07-21 17:38:44.601 [http-nio-8081-exec-1] [34m[INFO][0;39m c.a.monitor.utils.SerialPortManager 109 结果：01410500B6FE
2020-07-21 17:38:44.729 [http-nio-8081-exec-1] [34m[INFO][0;39m c.a.monitor.utils.SerialPortManager 109 结果：014102004BFF
2020-07-21 17:38:44.851 [http-nio-8081-exec-1] [34m[INFO][0;39m c.a.monitor.utils.SerialPortManager 109 结果：01410500B6FE
2020-07-21 17:38:44.974 [http-nio-8081-exec-1] [34m[INFO][0;39m c.a.monitor.utils.SerialPortManager 109 结果：014102004BFF
2020-07-21 17:38:45.095 [http-nio-8081-exec-1] [34m[INFO][0;39m c.a.monitor.utils.SerialPortManager 109 结果：01410500B6FE
2020-07-21 17:38:45.211 [http-nio-8081-exec-1] [34m[INFO][0;39m c.a.monitor.utils.SerialPortManager 109 结果：014102004BFF
2020-07-21 17:38:45.320 [http-nio-8081-exec-1] [34m[INFO][0;39m c.a.monitor.utils.SerialPortManager 109 结果：01410500B6FE
2020-07-21 17:38:45.432 [http-nio-8081-exec-1] [34m[INFO][0;39m c.a.monitor.utils.SerialPortManager 109 结果：014102004BFF
2020-07-21 17:38:45.536 [http-nio-8081-exec-1] [34m[INFO][0;39m c.a.monitor.utils.SerialPortManager 109 结果：01410500B6FE
2020-07-21 17:38:45.638 [http-nio-8081-exec-1] [34m[INFO][0;39m c.a.monitor.utils.SerialPortManager 109 结果：014102004BFF
2020-07-21 17:38:45.731 [http-nio-8081-exec-1] [34m[INFO][0;39m c.a.monitor.utils.SerialPortManager 109 结果：01410500B6FE
2020-07-21 17:38:45.824 [http-nio-8081-exec-1] [34m[INFO][0;39m c.a.monitor.utils.SerialPortManager 109 结果：014102004BFF
2020-07-21 17:38:45.910 [http-nio-8081-exec-1] [34m[INFO][0;39m c.a.monitor.utils.SerialPortManager 109 结果：01410500B6FE
2020-07-21 17:38:46.006 [http-nio-8081-exec-1] [34m[INFO][0;39m c.a.monitor.utils.SerialPortManager 109 结果：014102004BFF
2020-07-21 17:38:46.087 [http-nio-8081-exec-1] [34m[INFO][0;39m c.a.monitor.utils.SerialPortManager 109 结果：01410500B6FE
2020-07-21 17:38:46.162 [http-nio-8081-exec-1] [34m[INFO][0;39m c.a.monitor.utils.SerialPortManager 109 结果：014102004BFF
2020-07-21 17:38:46.229 [http-nio-8081-exec-1] [34m[INFO][0;39m c.a.monitor.utils.SerialPortManager 109 结果：01410500B6FE
2020-07-21 17:38:46.295 [http-nio-8081-exec-1] [34m[INFO][0;39m c.a.monitor.utils.SerialPortManager 109 结果：014102004BFF
2020-07-21 17:38:46.356 [http-nio-8081-exec-1] [34m[INFO][0;39m c.a.monitor.utils.SerialPortManager 109 结果：01410500B6FE
2020-07-21 17:38:46.424 [http-nio-8081-exec-1] [34m[INFO][0;39m c.a.monitor.utils.SerialPortManager 109 结果：014102004BFF
2020-07-21 17:38:46.474 [http-nio-8081-exec-1] [34m[INFO][0;39m c.a.monitor.utils.SerialPortManager 109 结果：01410500B6FE
2020-07-21 17:38:46.520 [http-nio-8081-exec-1] [34m[INFO][0;39m c.a.monitor.utils.SerialPortManager 109 结果：014102004BFF
2020-07-21 17:38:46.567 [http-nio-8081-exec-1] [34m[INFO][0;39m c.a.monitor.utils.SerialPortManager 109 结果：01410500B6FE
2020-07-21 17:38:46.616 [http-nio-8081-exec-1] [34m[INFO][0;39m c.a.monitor.utils.SerialPortManager 109 结果：014102004BFF
2020-07-21 17:38:46.673 [http-nio-8081-exec-1] [34m[INFO][0;39m c.a.monitor.utils.SerialPortManager 109 结果：01410500B6FE
2020-07-21 17:38:46.730 [http-nio-8081-exec-1] [34m[INFO][0;39m c.a.monitor.utils.SerialPortManager 109 结果：014102004BFF
2020-07-21 17:38:46.798 [http-nio-8081-exec-1] [34m[INFO][0;39m c.a.monitor.utils.SerialPortManager 109 结果：01410500B6FE
2020-07-21 17:38:46.865 [http-nio-8081-exec-1] [34m[INFO][0;39m c.a.monitor.utils.SerialPortManager 109 结果：014102004BFF
2020-07-21 17:38:46.942 [http-nio-8081-exec-1] [34m[INFO][0;39m c.a.monitor.utils.SerialPortManager 109 结果：01410500B6FE
2020-07-21 17:38:47.023 [http-nio-8081-exec-1] [34m[INFO][0;39m c.a.monitor.utils.SerialPortManager 109 结果：014102004BFF
2020-07-21 17:38:47.112 [http-nio-8081-exec-1] [34m[INFO][0;39m c.a.monitor.utils.SerialPortManager 109 结果：01410500B6FE
2020-07-21 17:38:47.200 [http-nio-8081-exec-1] [34m[INFO][0;39m c.a.monitor.utils.SerialPortManager 109 结果：014102004BFF
2020-07-21 17:38:47.294 [http-nio-8081-exec-1] [34m[INFO][0;39m c.a.monitor.utils.SerialPortManager 109 结果：01410500B6FE
2020-07-21 17:38:47.390 [http-nio-8081-exec-1] [34m[INFO][0;39m c.a.monitor.utils.SerialPortManager 109 结果：014102004BFF
2020-07-21 17:38:47.493 [http-nio-8081-exec-1] [34m[INFO][0;39m c.a.monitor.utils.SerialPortManager 109 结果：01410500B6FE
2020-07-21 17:38:47.596 [http-nio-8081-exec-1] [34m[INFO][0;39m c.a.monitor.utils.SerialPortManager 109 结果：014102004BFF
2020-07-21 17:38:47.706 [http-nio-8081-exec-1] [34m[INFO][0;39m c.a.monitor.utils.SerialPortManager 109 结果：01410500B6FE
2020-07-21 17:38:47.821 [http-nio-8081-exec-1] [34m[INFO][0;39m c.a.monitor.utils.SerialPortManager 109 结果：014102004BFF
2020-07-21 17:38:47.939 [http-nio-8081-exec-1] [34m[INFO][0;39m c.a.monitor.utils.SerialPortManager 109 结果：01410500B6FE
2020-07-21 17:38:48.056 [http-nio-8081-exec-1] [34m[INFO][0;39m c.a.monitor.utils.SerialPortManager 109 结果：014102004BFF
2020-07-21 17:38:48.179 [http-nio-8081-exec-1] [34m[INFO][0;39m c.a.monitor.utils.SerialPortManager 109 结果：01410500B6FE
2020-07-21 17:38:48.304 [http-nio-8081-exec-1] [34m[INFO][0;39m c.a.monitor.utils.SerialPortManager 109 结果：014102004BFF
2020-07-21 17:38:48.434 [http-nio-8081-exec-1] [34m[INFO][0;39m c.a.monitor.utils.SerialPortManager 109 结果：01410500B6FE
2020-07-21 17:38:48.564 [http-nio-8081-exec-1] [34m[INFO][0;39m c.a.monitor.utils.SerialPortManager 109 结果：014102004BFF
2020-07-21 17:38:48.697 [http-nio-8081-exec-1] [34m[INFO][0;39m c.a.monitor.utils.SerialPortManager 109 结果：01410500B6FE
2020-07-21 17:38:48.830 [http-nio-8081-exec-1] [34m[INFO][0;39m c.a.monitor.utils.SerialPortManager 109 结果：014102004BFF
2020-07-21 17:38:48.967 [http-nio-8081-exec-1] [34m[INFO][0;39m c.a.monitor.utils.SerialPortManager 109 结果：01410500B6FE
2020-07-21 17:38:49.044 [http-nio-8081-exec-5] [34m[INFO][0;39m c.a.monitor.utils.SerialPortManager 109 结果：01410500B6FE
2020-07-21 17:38:49.079 [http-nio-8081-exec-1] [34m[INFO][0;39m c.a.monitor.utils.SerialPortManager 109 结果：01
2020-07-21 17:38:49.128 [http-nio-8081-exec-5] [34m[INFO][0;39m c.a.m.controller.AlarmLedController 145 串口已关闭
2020-07-21 17:38:49.183 [http-nio-8081-exec-1] [1;31m[ERROR][0;39m o.a.c.c.C.[.[.[.[dispatcherServlet] 175 Servlet.service() for servlet [dispatcherServlet] in context with path [] threw exception [Request processing failed; nested exception is java.lang.NullPointerException] with root cause
java.lang.NullPointerException: null
	at com.alarm.monitor.utils.SerialPortManager.sendToPort(SerialPortManager.java:92)
	at com.alarm.monitor.controller.AlarmLedController.open(AlarmLedController.java:72)
	at sun.reflect.NativeMethodAccessorImpl.invoke0(Native Method)
	at sun.reflect.NativeMethodAccessorImpl.invoke(NativeMethodAccessorImpl.java:62)
	at sun.reflect.DelegatingMethodAccessorImpl.invoke(DelegatingMethodAccessorImpl.java:43)
	at java.lang.reflect.Method.invoke(Method.java:498)
	at org.springframework.web.method.support.InvocableHandlerMethod.doInvoke(InvocableHandlerMethod.java:215)
	at org.springframework.web.method.support.InvocableHandlerMethod.invokeForRequest(InvocableHandlerMethod.java:142)
	at org.springframework.web.servlet.mvc.method.annotation.ServletInvocableHandlerMethod.invokeAndHandle(ServletInvocableHandlerMethod.java:102)
	at org.springframework.web.servlet.mvc.method.annotation.RequestMappingHandlerAdapter.invokeHandlerMethod(RequestMappingHandlerAdapter.java:895)
	at org.springframework.web.servlet.mvc.method.annotation.RequestMappingHandlerAdapter.handleInternal(RequestMappingHandlerAdapter.java:800)
	at org.springframework.web.servlet.mvc.method.AbstractHandlerMethodAdapter.handle(AbstractHandlerMethodAdapter.java:87)
	at org.springframework.web.servlet.DispatcherServlet.doDispatch(DispatcherServlet.java:1038)
	at org.springframework.web.servlet.DispatcherServlet.doService(DispatcherServlet.java:942)
	at org.springframework.web.servlet.FrameworkServlet.processRequest(FrameworkServlet.java:998)
	at org.springframework.web.servlet.FrameworkServlet.doGet(FrameworkServlet.java:890)
	at javax.servlet.http.HttpServlet.service(HttpServlet.java:634)
	at org.springframework.web.servlet.FrameworkServlet.service(FrameworkServlet.java:875)
	at javax.servlet.http.HttpServlet.service(HttpServlet.java:741)
	at org.apache.catalina.core.ApplicationFilterChain.internalDoFilter(ApplicationFilterChain.java:231)
	at org.apache.catalina.core.ApplicationFilterChain.doFilter(ApplicationFilterChain.java:166)
	at org.apache.tomcat.websocket.server.WsFilter.doFilter(WsFilter.java:53)
	at org.apache.catalina.core.ApplicationFilterChain.internalDoFilter(ApplicationFilterChain.java:193)
	at org.apache.catalina.core.ApplicationFilterChain.doFilter(ApplicationFilterChain.java:166)
	at com.github.xiaoymin.knife4j.spring.filter.ProductionSecurityFilter.doFilter(ProductionSecurityFilter.java:53)
	at org.apache.catalina.core.ApplicationFilterChain.internalDoFilter(ApplicationFilterChain.java:193)
	at org.apache.catalina.core.ApplicationFilterChain.doFilter(ApplicationFilterChain.java:166)
	at com.github.xiaoymin.knife4j.spring.filter.SecurityBasicAuthFilter.doFilter(SecurityBasicAuthFilter.java:90)
	at org.apache.catalina.core.ApplicationFilterChain.internalDoFilter(ApplicationFilterChain.java:193)
	at org.apache.catalina.core.ApplicationFilterChain.doFilter(ApplicationFilterChain.java:166)
	at org.springframework.web.filter.RequestContextFilter.doFilterInternal(RequestContextFilter.java:99)
	at org.springframework.web.filter.OncePerRequestFilter.doFilter(OncePerRequestFilter.java:107)
	at org.apache.catalina.core.ApplicationFilterChain.internalDoFilter(ApplicationFilterChain.java:193)
	at org.apache.catalina.core.ApplicationFilterChain.doFilter(ApplicationFilterChain.java:166)
	at org.springframework.web.filter.FormContentFilter.doFilterInternal(FormContentFilter.java:92)
	at org.springframework.web.filter.OncePerRequestFilter.doFilter(OncePerRequestFilter.java:107)
	at org.apache.catalina.core.ApplicationFilterChain.internalDoFilter(ApplicationFilterChain.java:193)
	at org.apache.catalina.core.ApplicationFilterChain.doFilter(ApplicationFilterChain.java:166)
	at org.springframework.web.filter.HiddenHttpMethodFilter.doFilterInternal(HiddenHttpMethodFilter.java:93)
	at org.springframework.web.filter.OncePerRequestFilter.doFilter(OncePerRequestFilter.java:107)
	at org.apache.catalina.core.ApplicationFilterChain.internalDoFilter(ApplicationFilterChain.java:193)
	at org.apache.catalina.core.ApplicationFilterChain.doFilter(ApplicationFilterChain.java:166)
	at org.springframework.web.filter.CharacterEncodingFilter.doFilterInternal(CharacterEncodingFilter.java:200)
	at org.springframework.web.filter.OncePerRequestFilter.doFilter(OncePerRequestFilter.java:107)
	at org.apache.catalina.core.ApplicationFilterChain.internalDoFilter(ApplicationFilterChain.java:193)
	at org.apache.catalina.core.ApplicationFilterChain.doFilter(ApplicationFilterChain.java:166)
	at org.apache.catalina.core.StandardWrapperValve.invoke(StandardWrapperValve.java:199)
	at org.apache.catalina.core.StandardContextValve.invoke(StandardContextValve.java:96)
	at org.apache.catalina.authenticator.AuthenticatorBase.invoke(AuthenticatorBase.java:490)
	at org.apache.catalina.core.StandardHostValve.invoke(StandardHostValve.java:139)
	at org.apache.catalina.valves.ErrorReportValve.invoke(ErrorReportValve.java:92)
	at org.apache.catalina.core.StandardEngineValve.invoke(StandardEngineValve.java:74)
	at org.apache.catalina.connector.CoyoteAdapter.service(CoyoteAdapter.java:343)
	at org.apache.coyote.http11.Http11Processor.service(Http11Processor.java:408)
	at org.apache.coyote.AbstractProcessorLight.process(AbstractProcessorLight.java:66)
	at org.apache.coyote.AbstractProtocol$ConnectionHandler.process(AbstractProtocol.java:770)
	at org.apache.tomcat.util.net.NioEndpoint$SocketProcessor.doRun(NioEndpoint.java:1415)
	at org.apache.tomcat.util.net.SocketProcessorBase.run(SocketProcessorBase.java:49)
	at java.util.concurrent.ThreadPoolExecutor.runWorker(ThreadPoolExecutor.java:1149)
	at java.util.concurrent.ThreadPoolExecutor$Worker.run(ThreadPoolExecutor.java:624)
	at org.apache.tomcat.util.threads.TaskThread$WrappingRunnable.run(TaskThread.java:61)
	at java.lang.Thread.run(Thread.java:748)
2020-07-21 17:38:51.736 [http-nio-8081-exec-10] [1;31m[ERROR][0;39m o.a.c.c.C.[.[.[.[dispatcherServlet] 175 Servlet.service() for servlet [dispatcherServlet] in context with path [] threw exception [Request processing failed; nested exception is java.lang.NullPointerException] with root cause
java.lang.NullPointerException: null
	at com.alarm.monitor.utils.SerialPortManager.sendToPort(SerialPortManager.java:92)
	at com.alarm.monitor.controller.AlarmLedController.close(AlarmLedController.java:93)
	at sun.reflect.NativeMethodAccessorImpl.invoke0(Native Method)
	at sun.reflect.NativeMethodAccessorImpl.invoke(NativeMethodAccessorImpl.java:62)
	at sun.reflect.DelegatingMethodAccessorImpl.invoke(DelegatingMethodAccessorImpl.java:43)
	at java.lang.reflect.Method.invoke(Method.java:498)
	at org.springframework.web.method.support.InvocableHandlerMethod.doInvoke(InvocableHandlerMethod.java:215)
	at org.springframework.web.method.support.InvocableHandlerMethod.invokeForRequest(InvocableHandlerMethod.java:142)
	at org.springframework.web.servlet.mvc.method.annotation.ServletInvocableHandlerMethod.invokeAndHandle(ServletInvocableHandlerMethod.java:102)
	at org.springframework.web.servlet.mvc.method.annotation.RequestMappingHandlerAdapter.invokeHandlerMethod(RequestMappingHandlerAdapter.java:895)
	at org.springframework.web.servlet.mvc.method.annotation.RequestMappingHandlerAdapter.handleInternal(RequestMappingHandlerAdapter.java:800)
	at org.springframework.web.servlet.mvc.method.AbstractHandlerMethodAdapter.handle(AbstractHandlerMethodAdapter.java:87)
	at org.springframework.web.servlet.DispatcherServlet.doDispatch(DispatcherServlet.java:1038)
	at org.springframework.web.servlet.DispatcherServlet.doService(DispatcherServlet.java:942)
	at org.springframework.web.servlet.FrameworkServlet.processRequest(FrameworkServlet.java:998)
	at org.springframework.web.servlet.FrameworkServlet.doGet(FrameworkServlet.java:890)
	at javax.servlet.http.HttpServlet.service(HttpServlet.java:634)
	at org.springframework.web.servlet.FrameworkServlet.service(FrameworkServlet.java:875)
	at javax.servlet.http.HttpServlet.service(HttpServlet.java:741)
	at org.apache.catalina.core.ApplicationFilterChain.internalDoFilter(ApplicationFilterChain.java:231)
	at org.apache.catalina.core.ApplicationFilterChain.doFilter(ApplicationFilterChain.java:166)
	at org.apache.tomcat.websocket.server.WsFilter.doFilter(WsFilter.java:53)
	at org.apache.catalina.core.ApplicationFilterChain.internalDoFilter(ApplicationFilterChain.java:193)
	at org.apache.catalina.core.ApplicationFilterChain.doFilter(ApplicationFilterChain.java:166)
	at com.github.xiaoymin.knife4j.spring.filter.ProductionSecurityFilter.doFilter(ProductionSecurityFilter.java:53)
	at org.apache.catalina.core.ApplicationFilterChain.internalDoFilter(ApplicationFilterChain.java:193)
	at org.apache.catalina.core.ApplicationFilterChain.doFilter(ApplicationFilterChain.java:166)
	at com.github.xiaoymin.knife4j.spring.filter.SecurityBasicAuthFilter.doFilter(SecurityBasicAuthFilter.java:90)
	at org.apache.catalina.core.ApplicationFilterChain.internalDoFilter(ApplicationFilterChain.java:193)
	at org.apache.catalina.core.ApplicationFilterChain.doFilter(ApplicationFilterChain.java:166)
	at org.springframework.web.filter.RequestContextFilter.doFilterInternal(RequestContextFilter.java:99)
	at org.springframework.web.filter.OncePerRequestFilter.doFilter(OncePerRequestFilter.java:107)
	at org.apache.catalina.core.ApplicationFilterChain.internalDoFilter(ApplicationFilterChain.java:193)
	at org.apache.catalina.core.ApplicationFilterChain.doFilter(ApplicationFilterChain.java:166)
	at org.springframework.web.filter.FormContentFilter.doFilterInternal(FormContentFilter.java:92)
	at org.springframework.web.filter.OncePerRequestFilter.doFilter(OncePerRequestFilter.java:107)
	at org.apache.catalina.core.ApplicationFilterChain.internalDoFilter(ApplicationFilterChain.java:193)
	at org.apache.catalina.core.ApplicationFilterChain.doFilter(ApplicationFilterChain.java:166)
	at org.springframework.web.filter.HiddenHttpMethodFilter.doFilterInternal(HiddenHttpMethodFilter.java:93)
	at org.springframework.web.filter.OncePerRequestFilter.doFilter(OncePerRequestFilter.java:107)
	at org.apache.catalina.core.ApplicationFilterChain.internalDoFilter(ApplicationFilterChain.java:193)
	at org.apache.catalina.core.ApplicationFilterChain.doFilter(ApplicationFilterChain.java:166)
	at org.springframework.web.filter.CharacterEncodingFilter.doFilterInternal(CharacterEncodingFilter.java:200)
	at org.springframework.web.filter.OncePerRequestFilter.doFilter(OncePerRequestFilter.java:107)
	at org.apache.catalina.core.ApplicationFilterChain.internalDoFilter(ApplicationFilterChain.java:193)
	at org.apache.catalina.core.ApplicationFilterChain.doFilter(ApplicationFilterChain.java:166)
	at org.apache.catalina.core.StandardWrapperValve.invoke(StandardWrapperValve.java:199)
	at org.apache.catalina.core.StandardContextValve.invoke(StandardContextValve.java:96)
	at org.apache.catalina.authenticator.AuthenticatorBase.invoke(AuthenticatorBase.java:490)
	at org.apache.catalina.core.StandardHostValve.invoke(StandardHostValve.java:139)
	at org.apache.catalina.valves.ErrorReportValve.invoke(ErrorReportValve.java:92)
	at org.apache.catalina.core.StandardEngineValve.invoke(StandardEngineValve.java:74)
	at org.apache.catalina.connector.CoyoteAdapter.service(CoyoteAdapter.java:343)
	at org.apache.coyote.http11.Http11Processor.service(Http11Processor.java:408)
	at org.apache.coyote.AbstractProcessorLight.process(AbstractProcessorLight.java:66)
	at org.apache.coyote.AbstractProtocol$ConnectionHandler.process(AbstractProtocol.java:770)
	at org.apache.tomcat.util.net.NioEndpoint$SocketProcessor.doRun(NioEndpoint.java:1415)
	at org.apache.tomcat.util.net.SocketProcessorBase.run(SocketProcessorBase.java:49)
	at java.util.concurrent.ThreadPoolExecutor.runWorker(ThreadPoolExecutor.java:1149)
	at java.util.concurrent.ThreadPoolExecutor$Worker.run(ThreadPoolExecutor.java:624)
	at org.apache.tomcat.util.threads.TaskThread$WrappingRunnable.run(TaskThread.java:61)
	at java.lang.Thread.run(Thread.java:748)
2020-07-21 17:38:52.639 [http-nio-8081-exec-9] [1;31m[ERROR][0;39m o.a.c.c.C.[.[.[.[dispatcherServlet] 175 Servlet.service() for servlet [dispatcherServlet] in context with path [] threw exception [Request processing failed; nested exception is java.lang.NullPointerException] with root cause
java.lang.NullPointerException: null
	at com.alarm.monitor.utils.SerialPortManager.sendToPort(SerialPortManager.java:92)
	at com.alarm.monitor.controller.AlarmLedController.close(AlarmLedController.java:93)
	at sun.reflect.NativeMethodAccessorImpl.invoke0(Native Method)
	at sun.reflect.NativeMethodAccessorImpl.invoke(NativeMethodAccessorImpl.java:62)
	at sun.reflect.DelegatingMethodAccessorImpl.invoke(DelegatingMethodAccessorImpl.java:43)
	at java.lang.reflect.Method.invoke(Method.java:498)
	at org.springframework.web.method.support.InvocableHandlerMethod.doInvoke(InvocableHandlerMethod.java:215)
	at org.springframework.web.method.support.InvocableHandlerMethod.invokeForRequest(InvocableHandlerMethod.java:142)
	at org.springframework.web.servlet.mvc.method.annotation.ServletInvocableHandlerMethod.invokeAndHandle(ServletInvocableHandlerMethod.java:102)
	at org.springframework.web.servlet.mvc.method.annotation.RequestMappingHandlerAdapter.invokeHandlerMethod(RequestMappingHandlerAdapter.java:895)
	at org.springframework.web.servlet.mvc.method.annotation.RequestMappingHandlerAdapter.handleInternal(RequestMappingHandlerAdapter.java:800)
	at org.springframework.web.servlet.mvc.method.AbstractHandlerMethodAdapter.handle(AbstractHandlerMethodAdapter.java:87)
	at org.springframework.web.servlet.DispatcherServlet.doDispatch(DispatcherServlet.java:1038)
	at org.springframework.web.servlet.DispatcherServlet.doService(DispatcherServlet.java:942)
	at org.springframework.web.servlet.FrameworkServlet.processRequest(FrameworkServlet.java:998)
	at org.springframework.web.servlet.FrameworkServlet.doGet(FrameworkServlet.java:890)
	at javax.servlet.http.HttpServlet.service(HttpServlet.java:634)
	at org.springframework.web.servlet.FrameworkServlet.service(FrameworkServlet.java:875)
	at javax.servlet.http.HttpServlet.service(HttpServlet.java:741)
	at org.apache.catalina.core.ApplicationFilterChain.internalDoFilter(ApplicationFilterChain.java:231)
	at org.apache.catalina.core.ApplicationFilterChain.doFilter(ApplicationFilterChain.java:166)
	at org.apache.tomcat.websocket.server.WsFilter.doFilter(WsFilter.java:53)
	at org.apache.catalina.core.ApplicationFilterChain.internalDoFilter(ApplicationFilterChain.java:193)
	at org.apache.catalina.core.ApplicationFilterChain.doFilter(ApplicationFilterChain.java:166)
	at com.github.xiaoymin.knife4j.spring.filter.ProductionSecurityFilter.doFilter(ProductionSecurityFilter.java:53)
	at org.apache.catalina.core.ApplicationFilterChain.internalDoFilter(ApplicationFilterChain.java:193)
	at org.apache.catalina.core.ApplicationFilterChain.doFilter(ApplicationFilterChain.java:166)
	at com.github.xiaoymin.knife4j.spring.filter.SecurityBasicAuthFilter.doFilter(SecurityBasicAuthFilter.java:90)
	at org.apache.catalina.core.ApplicationFilterChain.internalDoFilter(ApplicationFilterChain.java:193)
	at org.apache.catalina.core.ApplicationFilterChain.doFilter(ApplicationFilterChain.java:166)
	at org.springframework.web.filter.RequestContextFilter.doFilterInternal(RequestContextFilter.java:99)
	at org.springframework.web.filter.OncePerRequestFilter.doFilter(OncePerRequestFilter.java:107)
	at org.apache.catalina.core.ApplicationFilterChain.internalDoFilter(ApplicationFilterChain.java:193)
	at org.apache.catalina.core.ApplicationFilterChain.doFilter(ApplicationFilterChain.java:166)
	at org.springframework.web.filter.FormContentFilter.doFilterInternal(FormContentFilter.java:92)
	at org.springframework.web.filter.OncePerRequestFilter.doFilter(OncePerRequestFilter.java:107)
	at org.apache.catalina.core.ApplicationFilterChain.internalDoFilter(ApplicationFilterChain.java:193)
	at org.apache.catalina.core.ApplicationFilterChain.doFilter(ApplicationFilterChain.java:166)
	at org.springframework.web.filter.HiddenHttpMethodFilter.doFilterInternal(HiddenHttpMethodFilter.java:93)
	at org.springframework.web.filter.OncePerRequestFilter.doFilter(OncePerRequestFilter.java:107)
	at org.apache.catalina.core.ApplicationFilterChain.internalDoFilter(ApplicationFilterChain.java:193)
	at org.apache.catalina.core.ApplicationFilterChain.doFilter(ApplicationFilterChain.java:166)
	at org.springframework.web.filter.CharacterEncodingFilter.doFilterInternal(CharacterEncodingFilter.java:200)
	at org.springframework.web.filter.OncePerRequestFilter.doFilter(OncePerRequestFilter.java:107)
	at org.apache.catalina.core.ApplicationFilterChain.internalDoFilter(ApplicationFilterChain.java:193)
	at org.apache.catalina.core.ApplicationFilterChain.doFilter(ApplicationFilterChain.java:166)
	at org.apache.catalina.core.StandardWrapperValve.invoke(StandardWrapperValve.java:199)
	at org.apache.catalina.core.StandardContextValve.invoke(StandardContextValve.java:96)
	at org.apache.catalina.authenticator.AuthenticatorBase.invoke(AuthenticatorBase.java:490)
	at org.apache.catalina.core.StandardHostValve.invoke(StandardHostValve.java:139)
	at org.apache.catalina.valves.ErrorReportValve.invoke(ErrorReportValve.java:92)
	at org.apache.catalina.core.StandardEngineValve.invoke(StandardEngineValve.java:74)
	at org.apache.catalina.connector.CoyoteAdapter.service(CoyoteAdapter.java:343)
	at org.apache.coyote.http11.Http11Processor.service(Http11Processor.java:408)
	at org.apache.coyote.AbstractProcessorLight.process(AbstractProcessorLight.java:66)
	at org.apache.coyote.AbstractProtocol$ConnectionHandler.process(AbstractProtocol.java:770)
	at org.apache.tomcat.util.net.NioEndpoint$SocketProcessor.doRun(NioEndpoint.java:1415)
	at org.apache.tomcat.util.net.SocketProcessorBase.run(SocketProcessorBase.java:49)
	at java.util.concurrent.ThreadPoolExecutor.runWorker(ThreadPoolExecutor.java:1149)
	at java.util.concurrent.ThreadPoolExecutor$Worker.run(ThreadPoolExecutor.java:624)
	at org.apache.tomcat.util.threads.TaskThread$WrappingRunnable.run(TaskThread.java:61)
	at java.lang.Thread.run(Thread.java:748)
2020-07-21 17:38:54.934 [http-nio-8081-exec-4] [34m[INFO][0;39m c.a.m.controller.AlarmLedController 110 串口已打开
2020-07-21 17:38:54.957 [http-nio-8081-exec-4] [34m[INFO][0;39m c.a.monitor.utils.SerialPortManager 109 结果：
2020-07-21 17:38:54.998 [http-nio-8081-exec-4] [34m[INFO][0;39m c.a.monitor.utils.SerialPortManager 109 结果：014102004BFF
2020-07-21 17:38:55.031 [http-nio-8081-exec-4] [34m[INFO][0;39m c.a.monitor.utils.SerialPortManager 109 结果：01410500B6FE
2020-07-21 17:38:55.075 [http-nio-8081-exec-4] [34m[INFO][0;39m c.a.monitor.utils.SerialPortManager 109 结果：014102004BFF
2020-07-21 17:38:55.118 [http-nio-8081-exec-4] [34m[INFO][0;39m c.a.monitor.utils.SerialPortManager 109 结果：01410500B6FE
2020-07-21 17:38:55.169 [http-nio-8081-exec-4] [34m[INFO][0;39m c.a.monitor.utils.SerialPortManager 109 结果：014102004BFF
2020-07-21 17:38:55.220 [http-nio-8081-exec-4] [34m[INFO][0;39m c.a.monitor.utils.SerialPortManager 109 结果：01410500B6FE
2020-07-21 17:38:55.280 [http-nio-8081-exec-4] [34m[INFO][0;39m c.a.monitor.utils.SerialPortManager 109 结果：014102004BFF
2020-07-21 17:38:55.340 [http-nio-8081-exec-4] [34m[INFO][0;39m c.a.monitor.utils.SerialPortManager 109 结果：01410500B6FE
2020-07-21 17:38:55.409 [http-nio-8081-exec-4] [34m[INFO][0;39m c.a.monitor.utils.SerialPortManager 109 结果：014102004BFF
2020-07-21 17:38:55.478 [http-nio-8081-exec-4] [34m[INFO][0;39m c.a.monitor.utils.SerialPortManager 109 结果：01410500B6FE
2020-07-21 17:38:55.556 [http-nio-8081-exec-4] [34m[INFO][0;39m c.a.monitor.utils.SerialPortManager 109 结果：014102004BFF
2020-07-21 17:38:55.634 [http-nio-8081-exec-4] [34m[INFO][0;39m c.a.monitor.utils.SerialPortManager 109 结果：01410500B6FE
2020-07-21 17:38:55.720 [http-nio-8081-exec-4] [34m[INFO][0;39m c.a.monitor.utils.SerialPortManager 109 结果：014102004BFF
2020-07-21 17:38:55.806 [http-nio-8081-exec-4] [34m[INFO][0;39m c.a.monitor.utils.SerialPortManager 109 结果：01410500B6FE
2020-07-21 17:38:55.899 [http-nio-8081-exec-4] [34m[INFO][0;39m c.a.monitor.utils.SerialPortManager 109 结果：014102004BFF
2020-07-21 17:38:55.992 [http-nio-8081-exec-4] [34m[INFO][0;39m c.a.monitor.utils.SerialPortManager 109 结果：01410500B6FE
2020-07-21 17:38:56.093 [http-nio-8081-exec-4] [34m[INFO][0;39m c.a.monitor.utils.SerialPortManager 109 结果：014102004BFF
2020-07-21 17:38:56.193 [http-nio-8081-exec-4] [34m[INFO][0;39m c.a.monitor.utils.SerialPortManager 109 结果：01410500B6FE
2020-07-21 17:38:56.300 [http-nio-8081-exec-4] [34m[INFO][0;39m c.a.monitor.utils.SerialPortManager 109 结果：014102004BFF
2020-07-21 17:38:56.409 [http-nio-8081-exec-4] [34m[INFO][0;39m c.a.monitor.utils.SerialPortManager 109 结果：01410500B6FE
2020-07-21 17:38:56.522 [http-nio-8081-exec-4] [34m[INFO][0;39m c.a.monitor.utils.SerialPortManager 109 结果：014102004BFF
2020-07-21 17:38:56.633 [http-nio-8081-exec-4] [34m[INFO][0;39m c.a.monitor.utils.SerialPortManager 109 结果：01410500B6FE
2020-07-21 17:38:56.749 [http-nio-8081-exec-4] [34m[INFO][0;39m c.a.monitor.utils.SerialPortManager 109 结果：014102004BFF
2020-07-21 17:38:56.865 [http-nio-8081-exec-4] [34m[INFO][0;39m c.a.monitor.utils.SerialPortManager 109 结果：01410500B6FE
2020-07-21 17:38:56.982 [http-nio-8081-exec-4] [34m[INFO][0;39m c.a.monitor.utils.SerialPortManager 109 结果：014102004BFF
2020-07-21 17:38:57.099 [http-nio-8081-exec-4] [34m[INFO][0;39m c.a.monitor.utils.SerialPortManager 109 结果：01410500B6FE
2020-07-21 17:38:57.218 [http-nio-8081-exec-4] [34m[INFO][0;39m c.a.monitor.utils.SerialPortManager 109 结果：014102004BFF
2020-07-21 17:38:57.337 [http-nio-8081-exec-4] [34m[INFO][0;39m c.a.monitor.utils.SerialPortManager 109 结果：01410500B6FE
2020-07-21 17:38:57.458 [http-nio-8081-exec-4] [34m[INFO][0;39m c.a.monitor.utils.SerialPortManager 109 结果：014102004BFF
2020-07-21 17:38:57.582 [http-nio-8081-exec-4] [34m[INFO][0;39m c.a.monitor.utils.SerialPortManager 109 结果：01410500B6FE
2020-07-21 17:38:57.658 [http-nio-8081-exec-7] [34m[INFO][0;39m c.a.monitor.utils.SerialPortManager 109 结果：014102004BFF
2020-07-21 17:38:57.702 [http-nio-8081-exec-4] [34m[INFO][0;39m c.a.monitor.utils.SerialPortManager 109 结果：01410500B6FE
2020-07-21 17:38:57.719 [http-nio-8081-exec-7] [34m[INFO][0;39m c.a.m.controller.AlarmLedController 145 串口已关闭
2020-07-21 17:38:57.804 [http-nio-8081-exec-4] [1;31m[ERROR][0;39m o.a.c.c.C.[.[.[.[dispatcherServlet] 175 Servlet.service() for servlet [dispatcherServlet] in context with path [] threw exception [Request processing failed; nested exception is java.lang.NullPointerException] with root cause
java.lang.NullPointerException: null
	at com.alarm.monitor.utils.SerialPortManager.sendToPort(SerialPortManager.java:92)
	at com.alarm.monitor.controller.AlarmLedController.open(AlarmLedController.java:63)
	at sun.reflect.NativeMethodAccessorImpl.invoke0(Native Method)
	at sun.reflect.NativeMethodAccessorImpl.invoke(NativeMethodAccessorImpl.java:62)
	at sun.reflect.DelegatingMethodAccessorImpl.invoke(DelegatingMethodAccessorImpl.java:43)
	at java.lang.reflect.Method.invoke(Method.java:498)
	at org.springframework.web.method.support.InvocableHandlerMethod.doInvoke(InvocableHandlerMethod.java:215)
	at org.springframework.web.method.support.InvocableHandlerMethod.invokeForRequest(InvocableHandlerMethod.java:142)
	at org.springframework.web.servlet.mvc.method.annotation.ServletInvocableHandlerMethod.invokeAndHandle(ServletInvocableHandlerMethod.java:102)
	at org.springframework.web.servlet.mvc.method.annotation.RequestMappingHandlerAdapter.invokeHandlerMethod(RequestMappingHandlerAdapter.java:895)
	at org.springframework.web.servlet.mvc.method.annotation.RequestMappingHandlerAdapter.handleInternal(RequestMappingHandlerAdapter.java:800)
	at org.springframework.web.servlet.mvc.method.AbstractHandlerMethodAdapter.handle(AbstractHandlerMethodAdapter.java:87)
	at org.springframework.web.servlet.DispatcherServlet.doDispatch(DispatcherServlet.java:1038)
	at org.springframework.web.servlet.DispatcherServlet.doService(DispatcherServlet.java:942)
	at org.springframework.web.servlet.FrameworkServlet.processRequest(FrameworkServlet.java:998)
	at org.springframework.web.servlet.FrameworkServlet.doGet(FrameworkServlet.java:890)
	at javax.servlet.http.HttpServlet.service(HttpServlet.java:634)
	at org.springframework.web.servlet.FrameworkServlet.service(FrameworkServlet.java:875)
	at javax.servlet.http.HttpServlet.service(HttpServlet.java:741)
	at org.apache.catalina.core.ApplicationFilterChain.internalDoFilter(ApplicationFilterChain.java:231)
	at org.apache.catalina.core.ApplicationFilterChain.doFilter(ApplicationFilterChain.java:166)
	at org.apache.tomcat.websocket.server.WsFilter.doFilter(WsFilter.java:53)
	at org.apache.catalina.core.ApplicationFilterChain.internalDoFilter(ApplicationFilterChain.java:193)
	at org.apache.catalina.core.ApplicationFilterChain.doFilter(ApplicationFilterChain.java:166)
	at com.github.xiaoymin.knife4j.spring.filter.ProductionSecurityFilter.doFilter(ProductionSecurityFilter.java:53)
	at org.apache.catalina.core.ApplicationFilterChain.internalDoFilter(ApplicationFilterChain.java:193)
	at org.apache.catalina.core.ApplicationFilterChain.doFilter(ApplicationFilterChain.java:166)
	at com.github.xiaoymin.knife4j.spring.filter.SecurityBasicAuthFilter.doFilter(SecurityBasicAuthFilter.java:90)
	at org.apache.catalina.core.ApplicationFilterChain.internalDoFilter(ApplicationFilterChain.java:193)
	at org.apache.catalina.core.ApplicationFilterChain.doFilter(ApplicationFilterChain.java:166)
	at org.springframework.web.filter.RequestContextFilter.doFilterInternal(RequestContextFilter.java:99)
	at org.springframework.web.filter.OncePerRequestFilter.doFilter(OncePerRequestFilter.java:107)
	at org.apache.catalina.core.ApplicationFilterChain.internalDoFilter(ApplicationFilterChain.java:193)
	at org.apache.catalina.core.ApplicationFilterChain.doFilter(ApplicationFilterChain.java:166)
	at org.springframework.web.filter.FormContentFilter.doFilterInternal(FormContentFilter.java:92)
	at org.springframework.web.filter.OncePerRequestFilter.doFilter(OncePerRequestFilter.java:107)
	at org.apache.catalina.core.ApplicationFilterChain.internalDoFilter(ApplicationFilterChain.java:193)
	at org.apache.catalina.core.ApplicationFilterChain.doFilter(ApplicationFilterChain.java:166)
	at org.springframework.web.filter.HiddenHttpMethodFilter.doFilterInternal(HiddenHttpMethodFilter.java:93)
	at org.springframework.web.filter.OncePerRequestFilter.doFilter(OncePerRequestFilter.java:107)
	at org.apache.catalina.core.ApplicationFilterChain.internalDoFilter(ApplicationFilterChain.java:193)
	at org.apache.catalina.core.ApplicationFilterChain.doFilter(ApplicationFilterChain.java:166)
	at org.springframework.web.filter.CharacterEncodingFilter.doFilterInternal(CharacterEncodingFilter.java:200)
	at org.springframework.web.filter.OncePerRequestFilter.doFilter(OncePerRequestFilter.java:107)
	at org.apache.catalina.core.ApplicationFilterChain.internalDoFilter(ApplicationFilterChain.java:193)
	at org.apache.catalina.core.ApplicationFilterChain.doFilter(ApplicationFilterChain.java:166)
	at org.apache.catalina.core.StandardWrapperValve.invoke(StandardWrapperValve.java:199)
	at org.apache.catalina.core.StandardContextValve.invoke(StandardContextValve.java:96)
	at org.apache.catalina.authenticator.AuthenticatorBase.invoke(AuthenticatorBase.java:490)
	at org.apache.catalina.core.StandardHostValve.invoke(StandardHostValve.java:139)
	at org.apache.catalina.valves.ErrorReportValve.invoke(ErrorReportValve.java:92)
	at org.apache.catalina.core.StandardEngineValve.invoke(StandardEngineValve.java:74)
	at org.apache.catalina.connector.CoyoteAdapter.service(CoyoteAdapter.java:343)
	at org.apache.coyote.http11.Http11Processor.service(Http11Processor.java:408)
	at org.apache.coyote.AbstractProcessorLight.process(AbstractProcessorLight.java:66)
	at org.apache.coyote.AbstractProtocol$ConnectionHandler.process(AbstractProtocol.java:770)
	at org.apache.tomcat.util.net.NioEndpoint$SocketProcessor.doRun(NioEndpoint.java:1415)
	at org.apache.tomcat.util.net.SocketProcessorBase.run(SocketProcessorBase.java:49)
	at java.util.concurrent.ThreadPoolExecutor.runWorker(ThreadPoolExecutor.java:1149)
	at java.util.concurrent.ThreadPoolExecutor$Worker.run(ThreadPoolExecutor.java:624)
	at org.apache.tomcat.util.threads.TaskThread$WrappingRunnable.run(TaskThread.java:61)
	at java.lang.Thread.run(Thread.java:748)
2020-07-21 17:40:11.823 [http-nio-8081-exec-6] [34m[INFO][0;39m c.a.m.controller.AlarmLedController 110 串口已打开
2020-07-21 17:40:11.862 [http-nio-8081-exec-6] [34m[INFO][0;39m c.a.monitor.utils.SerialPortManager 109 结果：
2020-07-21 17:40:11.957 [http-nio-8081-exec-6] [34m[INFO][0;39m c.a.monitor.utils.SerialPortManager 109 结果：014102004BFF01410500B6FE
2020-07-21 17:40:12.000 [http-nio-8081-exec-6] [34m[INFO][0;39m c.a.monitor.utils.SerialPortManager 109 结果：
2020-07-21 17:40:12.079 [http-nio-8081-exec-6] [34m[INFO][0;39m c.a.monitor.utils.SerialPortManager 109 结果：014102004BFF
2020-07-21 17:40:12.121 [http-nio-8081-exec-6] [34m[INFO][0;39m c.a.monitor.utils.SerialPortManager 109 结果：01410500B6FE
2020-07-21 17:40:12.177 [http-nio-8081-exec-6] [34m[INFO][0;39m c.a.monitor.utils.SerialPortManager 109 结果：014102004BFF
2020-07-21 17:40:12.279 [http-nio-8081-exec-6] [34m[INFO][0;39m c.a.monitor.utils.SerialPortManager 109 结果：01410500B6FE
2020-07-21 17:40:12.341 [http-nio-8081-exec-6] [34m[INFO][0;39m c.a.monitor.utils.SerialPortManager 109 结果：014102004BFF
2020-07-21 17:40:12.404 [http-nio-8081-exec-6] [34m[INFO][0;39m c.a.monitor.utils.SerialPortManager 109 结果：01410500B6FE
2020-07-21 17:40:12.501 [http-nio-8081-exec-6] [34m[INFO][0;39m c.a.monitor.utils.SerialPortManager 109 结果：014102004BFF
2020-07-21 17:40:12.574 [http-nio-8081-exec-6] [34m[INFO][0;39m c.a.monitor.utils.SerialPortManager 109 结果：01410500B6FE
2020-07-21 17:40:12.658 [http-nio-8081-exec-6] [34m[INFO][0;39m c.a.monitor.utils.SerialPortManager 109 结果：014102004BFF
2020-07-21 17:40:12.743 [http-nio-8081-exec-6] [34m[INFO][0;39m c.a.monitor.utils.SerialPortManager 109 结果：01410500B6FE
2020-07-21 17:40:12.861 [http-nio-8081-exec-6] [34m[INFO][0;39m c.a.monitor.utils.SerialPortManager 109 结果：014102004BFF
2020-07-21 17:40:12.949 [http-nio-8081-exec-6] [34m[INFO][0;39m c.a.monitor.utils.SerialPortManager 109 结果：01410500B6FE
2020-07-21 17:40:13.052 [http-nio-8081-exec-6] [34m[INFO][0;39m c.a.monitor.utils.SerialPortManager 109 结果：014102004BFF
2020-07-21 17:40:13.148 [http-nio-8081-exec-6] [34m[INFO][0;39m c.a.monitor.utils.SerialPortManager 109 结果：01410500B6FE
2020-07-21 17:40:13.260 [http-nio-8081-exec-6] [34m[INFO][0;39m c.a.monitor.utils.SerialPortManager 109 结果：014102004BFF
2020-07-21 17:40:13.369 [http-nio-8081-exec-6] [34m[INFO][0;39m c.a.monitor.utils.SerialPortManager 109 结果：01410500B6FE
2020-07-21 17:40:13.493 [http-nio-8081-exec-6] [34m[INFO][0;39m c.a.monitor.utils.SerialPortManager 109 结果：014102004BFF
2020-07-21 17:40:13.615 [http-nio-8081-exec-6] [34m[INFO][0;39m c.a.monitor.utils.SerialPortManager 109 结果：01410500B6FE
2020-07-21 17:40:13.735 [http-nio-8081-exec-6] [34m[INFO][0;39m c.a.monitor.utils.SerialPortManager 109 结果：014102004BFF
2020-07-21 17:40:13.846 [http-nio-8081-exec-6] [34m[INFO][0;39m c.a.monitor.utils.SerialPortManager 109 结果：01410500B6FE
2020-07-21 17:40:13.965 [http-nio-8081-exec-6] [34m[INFO][0;39m c.a.monitor.utils.SerialPortManager 109 结果：014102004BFF
2020-07-21 17:40:14.152 [http-nio-8081-exec-6] [34m[INFO][0;39m c.a.monitor.utils.SerialPortManager 109 结果：01410500B6FE014102004BFF
2020-07-21 17:40:14.179 [http-nio-8081-exec-2] [34m[INFO][0;39m c.a.monitor.utils.SerialPortManager 109 结果：
2020-07-21 17:40:14.252 [http-nio-8081-exec-6] [34m[INFO][0;39m c.a.monitor.utils.SerialPortManager 109 结果：
2020-07-21 17:40:14.257 [http-nio-8081-exec-2] [34m[INFO][0;39m c.a.m.controller.AlarmLedController 145 串口已关闭
2020-07-21 17:40:14.400 [http-nio-8081-exec-6] [1;31m[ERROR][0;39m o.a.c.c.C.[.[.[.[dispatcherServlet] 175 Servlet.service() for servlet [dispatcherServlet] in context with path [] threw exception [Request processing failed; nested exception is java.lang.NullPointerException] with root cause
java.lang.NullPointerException: null
	at com.alarm.monitor.utils.SerialPortManager.sendToPort(SerialPortManager.java:92)
	at com.alarm.monitor.controller.AlarmLedController.open(AlarmLedController.java:63)
	at sun.reflect.NativeMethodAccessorImpl.invoke0(Native Method)
	at sun.reflect.NativeMethodAccessorImpl.invoke(NativeMethodAccessorImpl.java:62)
	at sun.reflect.DelegatingMethodAccessorImpl.invoke(DelegatingMethodAccessorImpl.java:43)
	at java.lang.reflect.Method.invoke(Method.java:498)
	at org.springframework.web.method.support.InvocableHandlerMethod.doInvoke(InvocableHandlerMethod.java:215)
	at org.springframework.web.method.support.InvocableHandlerMethod.invokeForRequest(InvocableHandlerMethod.java:142)
	at org.springframework.web.servlet.mvc.method.annotation.ServletInvocableHandlerMethod.invokeAndHandle(ServletInvocableHandlerMethod.java:102)
	at org.springframework.web.servlet.mvc.method.annotation.RequestMappingHandlerAdapter.invokeHandlerMethod(RequestMappingHandlerAdapter.java:895)
	at org.springframework.web.servlet.mvc.method.annotation.RequestMappingHandlerAdapter.handleInternal(RequestMappingHandlerAdapter.java:800)
	at org.springframework.web.servlet.mvc.method.AbstractHandlerMethodAdapter.handle(AbstractHandlerMethodAdapter.java:87)
	at org.springframework.web.servlet.DispatcherServlet.doDispatch(DispatcherServlet.java:1038)
	at org.springframework.web.servlet.DispatcherServlet.doService(DispatcherServlet.java:942)
	at org.springframework.web.servlet.FrameworkServlet.processRequest(FrameworkServlet.java:998)
	at org.springframework.web.servlet.FrameworkServlet.doGet(FrameworkServlet.java:890)
	at javax.servlet.http.HttpServlet.service(HttpServlet.java:634)
	at org.springframework.web.servlet.FrameworkServlet.service(FrameworkServlet.java:875)
	at javax.servlet.http.HttpServlet.service(HttpServlet.java:741)
	at org.apache.catalina.core.ApplicationFilterChain.internalDoFilter(ApplicationFilterChain.java:231)
	at org.apache.catalina.core.ApplicationFilterChain.doFilter(ApplicationFilterChain.java:166)
	at org.apache.tomcat.websocket.server.WsFilter.doFilter(WsFilter.java:53)
	at org.apache.catalina.core.ApplicationFilterChain.internalDoFilter(ApplicationFilterChain.java:193)
	at org.apache.catalina.core.ApplicationFilterChain.doFilter(ApplicationFilterChain.java:166)
	at com.github.xiaoymin.knife4j.spring.filter.ProductionSecurityFilter.doFilter(ProductionSecurityFilter.java:53)
	at org.apache.catalina.core.ApplicationFilterChain.internalDoFilter(ApplicationFilterChain.java:193)
	at org.apache.catalina.core.ApplicationFilterChain.doFilter(ApplicationFilterChain.java:166)
	at com.github.xiaoymin.knife4j.spring.filter.SecurityBasicAuthFilter.doFilter(SecurityBasicAuthFilter.java:90)
	at org.apache.catalina.core.ApplicationFilterChain.internalDoFilter(ApplicationFilterChain.java:193)
	at org.apache.catalina.core.ApplicationFilterChain.doFilter(ApplicationFilterChain.java:166)
	at org.springframework.web.filter.RequestContextFilter.doFilterInternal(RequestContextFilter.java:99)
	at org.springframework.web.filter.OncePerRequestFilter.doFilter(OncePerRequestFilter.java:107)
	at org.apache.catalina.core.ApplicationFilterChain.internalDoFilter(ApplicationFilterChain.java:193)
	at org.apache.catalina.core.ApplicationFilterChain.doFilter(ApplicationFilterChain.java:166)
	at org.springframework.web.filter.FormContentFilter.doFilterInternal(FormContentFilter.java:92)
	at org.springframework.web.filter.OncePerRequestFilter.doFilter(OncePerRequestFilter.java:107)
	at org.apache.catalina.core.ApplicationFilterChain.internalDoFilter(ApplicationFilterChain.java:193)
	at org.apache.catalina.core.ApplicationFilterChain.doFilter(ApplicationFilterChain.java:166)
	at org.springframework.web.filter.HiddenHttpMethodFilter.doFilterInternal(HiddenHttpMethodFilter.java:93)
	at org.springframework.web.filter.OncePerRequestFilter.doFilter(OncePerRequestFilter.java:107)
	at org.apache.catalina.core.ApplicationFilterChain.internalDoFilter(ApplicationFilterChain.java:193)
	at org.apache.catalina.core.ApplicationFilterChain.doFilter(ApplicationFilterChain.java:166)
	at org.springframework.web.filter.CharacterEncodingFilter.doFilterInternal(CharacterEncodingFilter.java:200)
	at org.springframework.web.filter.OncePerRequestFilter.doFilter(OncePerRequestFilter.java:107)
	at org.apache.catalina.core.ApplicationFilterChain.internalDoFilter(ApplicationFilterChain.java:193)
	at org.apache.catalina.core.ApplicationFilterChain.doFilter(ApplicationFilterChain.java:166)
	at org.apache.catalina.core.StandardWrapperValve.invoke(StandardWrapperValve.java:199)
	at org.apache.catalina.core.StandardContextValve.invoke(StandardContextValve.java:96)
	at org.apache.catalina.authenticator.AuthenticatorBase.invoke(AuthenticatorBase.java:490)
	at org.apache.catalina.core.StandardHostValve.invoke(StandardHostValve.java:139)
	at org.apache.catalina.valves.ErrorReportValve.invoke(ErrorReportValve.java:92)
	at org.apache.catalina.core.StandardEngineValve.invoke(StandardEngineValve.java:74)
	at org.apache.catalina.connector.CoyoteAdapter.service(CoyoteAdapter.java:343)
	at org.apache.coyote.http11.Http11Processor.service(Http11Processor.java:408)
	at org.apache.coyote.AbstractProcessorLight.process(AbstractProcessorLight.java:66)
	at org.apache.coyote.AbstractProtocol$ConnectionHandler.process(AbstractProtocol.java:770)
	at org.apache.tomcat.util.net.NioEndpoint$SocketProcessor.doRun(NioEndpoint.java:1415)
	at org.apache.tomcat.util.net.SocketProcessorBase.run(SocketProcessorBase.java:49)
	at java.util.concurrent.ThreadPoolExecutor.runWorker(ThreadPoolExecutor.java:1149)
	at java.util.concurrent.ThreadPoolExecutor$Worker.run(ThreadPoolExecutor.java:624)
	at org.apache.tomcat.util.threads.TaskThread$WrappingRunnable.run(TaskThread.java:61)
	at java.lang.Thread.run(Thread.java:748)
2020-07-21 17:41:29.112 [Thread-3] [34m[INFO][0;39m o.s.s.c.ThreadPoolTaskExecutor 208 Shutting down ExecutorService 'applicationTaskExecutor'
