2020-07-30 17:50:51.442 [main] [34m[INFO][0;39m c.spring.project.web.api.Application 41 程序启动
2020-07-30 17:50:51.969 [main] [34m[INFO][0;39m c.spring.project.web.api.Application 50 Starting Application on wq-PC with PID 5788 (D:\github\code\java\spring-project-web1.0\project-web-api\target\classes started by wq in D:\github\code\java\spring-project-web1.0\project-web)
2020-07-30 17:50:51.969 [main] [34m[INFO][0;39m c.spring.project.web.api.Application 666 The following profiles are active: dev
2020-07-30 17:50:52.023 [main] [34m[INFO][0;39m o.s.b.w.s.c.AnnotationConfigServletWebServerApplicationContext 590 Refreshing org.springframework.boot.web.servlet.context.AnnotationConfigServletWebServerApplicationContext@5fa07e12: startup date [Thu Jul 30 17:50:52 CST 2020]; root of context hierarchy
2020-07-30 17:50:53.490 [main] [34m[INFO][0;39m o.s.c.s.PostProcessorRegistrationDelegate$BeanPostProcessorChecker 326 Bean 'org.springframework.transaction.annotation.ProxyTransactionManagementConfiguration' of type [org.springframework.transaction.annotation.ProxyTransactionManagementConfiguration$$EnhancerBySpringCGLIB$$6e4f2982] is not eligible for getting processed by all BeanPostProcessors (for example: not eligible for auto-proxying)
2020-07-30 17:50:53.883 [main] [34m[INFO][0;39m o.s.b.w.e.tomcat.TomcatWebServer 91 Tomcat initialized with port(s): 8087 (http)
2020-07-30 17:50:53.907 [main] [34m[INFO][0;39m o.a.catalina.core.StandardService 180 Starting service [Tomcat]
2020-07-30 17:50:53.908 [main] [34m[INFO][0;39m o.a.catalina.core.StandardEngine 180 Starting Servlet Engine: Apache Tomcat/8.5.32
2020-07-30 17:50:53.911 [localhost-startStop-1] [34m[INFO][0;39m o.a.c.core.AprLifecycleListener 180 The APR based Apache Tomcat Native library which allows optimal performance in production environments was not found on the java.library.path: [C:\Program Files\Java\jdk1.8.0_45\bin;C:\Windows\Sun\Java\bin;C:\Windows\system32;C:\Windows;C:\Program Files (x86)\NetSarang\Xftp 6\;C:\Program Files (x86)\Common Files\NetSarang;C:\ProgramData\Oracle\Java\javapath;C:\Windows\system32;C:\Windows;C:\Windows\System32\Wbem;C:\Windows\System32\WindowsPowerShell\v1.0\;C:\Program Files (x86)\NVIDIA Corporation\PhysX\Common;C:\Program Files\NVIDIA Corporation\NVIDIA NvDLISR;C:\Program Files\Git\cmd;C:\Program Files\nodejs\;C:\Program Files\TortoiseSVN\bin;E:\Program Files\apache-maven\bin;C:\Program Files\Java\jdk1.8.0_45\bin;C:\Program Files\Java\jdk1.8.0_45\jre\bin;C:\Program Files (x86)\Common Files\Adobe\AGL;C:\Users\wq\AppData\Roaming\npm;C:\Users\wq\AppData\Local\Programs\Microsoft VS Code\bin;C:\Users\wq\AppData\Local\GitHubDesktop\bin;.]
2020-07-30 17:50:54.009 [localhost-startStop-1] [34m[INFO][0;39m o.a.c.c.C.[Tomcat].[localhost].[/] 180 Initializing Spring embedded WebApplicationContext
2020-07-30 17:50:54.010 [localhost-startStop-1] [34m[INFO][0;39m o.s.web.context.ContextLoader 285 Root WebApplicationContext: initialization completed in 1987 ms
2020-07-30 17:50:54.793 [localhost-startStop-1] [34m[INFO][0;39m o.s.b.w.s.FilterRegistrationBean 245 Mapping filter: 'characterEncodingFilter' to: [/*]
2020-07-30 17:50:54.793 [localhost-startStop-1] [34m[INFO][0;39m o.s.b.w.s.FilterRegistrationBean 245 Mapping filter: 'webMvcMetricsFilter' to: [/*]
2020-07-30 17:50:54.793 [localhost-startStop-1] [34m[INFO][0;39m o.s.b.w.s.FilterRegistrationBean 245 Mapping filter: 'hiddenHttpMethodFilter' to: [/*]
2020-07-30 17:50:54.793 [localhost-startStop-1] [34m[INFO][0;39m o.s.b.w.s.FilterRegistrationBean 245 Mapping filter: 'httpPutFormContentFilter' to: [/*]
2020-07-30 17:50:54.794 [localhost-startStop-1] [34m[INFO][0;39m o.s.b.w.s.FilterRegistrationBean 245 Mapping filter: 'requestContextFilter' to: [/*]
2020-07-30 17:50:54.794 [localhost-startStop-1] [34m[INFO][0;39m o.s.b.w.s.FilterRegistrationBean 245 Mapping filter: 'httpTraceFilter' to: [/*]
2020-07-30 17:50:54.794 [localhost-startStop-1] [34m[INFO][0;39m o.s.b.w.s.FilterRegistrationBean 258 Mapping filter: 'xssFilter' to urls: [/*]
2020-07-30 17:50:54.794 [localhost-startStop-1] [34m[INFO][0;39m o.s.b.w.s.FilterRegistrationBean 258 Mapping filter: 'managerFilter' to urls: [/actuator/*]
2020-07-30 17:50:54.794 [localhost-startStop-1] [34m[INFO][0;39m o.s.b.w.s.FilterRegistrationBean 245 Mapping filter: 'securityBasicAuthFilter' to: [/*]
2020-07-30 17:50:54.794 [localhost-startStop-1] [34m[INFO][0;39m o.s.b.w.s.FilterRegistrationBean 245 Mapping filter: 'productionSecurityFilter' to: [/*]
2020-07-30 17:50:54.794 [localhost-startStop-1] [34m[INFO][0;39m o.s.b.w.s.ServletRegistrationBean 187 Servlet dispatcherServlet mapped to [/]
2020-07-30 17:50:54.892 [main] [34m[INFO][0;39m org.dozer.config.GlobalSettings 113 Trying to find Dozer configuration file: dozer.properties
2020-07-30 17:50:54.898 [main] [31m[WARN][0;39m org.dozer.config.GlobalSettings 118 Dozer configuration file not found: dozer.properties.  Using defaults for all Dozer global properties.
2020-07-30 17:50:54.900 [main] [34m[INFO][0;39m org.dozer.DozerInitializer 75 Initializing Dozer. Version: 5.5.0, Thread Name: main
2020-07-30 17:50:54.902 [main] [34m[INFO][0;39m org.dozer.jmx.JMXPlatformImpl 66 Dozer JMX MBean [org.dozer.jmx:type=DozerStatisticsController] auto registered with the Platform MBean Server
2020-07-30 17:50:54.903 [main] [34m[INFO][0;39m org.dozer.jmx.JMXPlatformImpl 66 Dozer JMX MBean [org.dozer.jmx:type=DozerAdminController] auto registered with the Platform MBean Server
2020-07-30 17:50:54.905 [main] [34m[INFO][0;39m org.dozer.DozerBeanMapper 175 Initializing a new instance of dozer bean mapper.
2020-07-30 17:50:55.487 [main] [34m[INFO][0;39m o.s.w.s.m.m.a.RequestMappingHandlerMapping 547 Mapped "{[/test/test],methods=[GET]}" onto public com.spring.project.web.vo.RespResult com.spring.project.web.api.controller.TestController.test(com.spring.project.web.vo.UserInfoQueryPageVo,org.springframework.validation.BindingResult)
2020-07-30 17:50:55.488 [main] [34m[INFO][0;39m o.s.w.s.m.m.a.RequestMappingHandlerMapping 547 Mapped "{[/test/getIP],methods=[GET]}" onto public com.spring.project.web.vo.RespResult com.spring.project.web.api.controller.TestController.getIP()
2020-07-30 17:50:55.488 [main] [34m[INFO][0;39m o.s.w.s.m.m.a.RequestMappingHandlerMapping 547 Mapped "{[/test/dozer],methods=[GET]}" onto public java.lang.String com.spring.project.web.api.controller.TestController.dozer()
2020-07-30 17:50:55.489 [main] [34m[INFO][0;39m o.s.w.s.m.m.a.RequestMappingHandlerMapping 547 Mapped "{[/test/testTable],methods=[GET]}" onto public void com.spring.project.web.api.controller.TestController.testTable() throws java.lang.Exception
2020-07-30 17:50:55.489 [main] [34m[INFO][0;39m o.s.w.s.m.m.a.RequestMappingHandlerMapping 547 Mapped "{[/test/test0],methods=[GET]}" onto public org.springframework.web.servlet.ModelAndView com.spring.project.web.api.controller.TestController.test0(javax.servlet.http.HttpServletRequest)
2020-07-30 17:50:55.489 [main] [34m[INFO][0;39m o.s.w.s.m.m.a.RequestMappingHandlerMapping 547 Mapped "{[/test/test2],methods=[POST]}" onto public java.lang.String com.spring.project.web.api.controller.TestController.test2(java.lang.Integer)
2020-07-30 17:50:55.490 [main] [34m[INFO][0;39m o.s.w.s.m.m.a.RequestMappingHandlerMapping 547 Mapped "{[/test/test3],methods=[GET]}" onto public java.lang.String com.spring.project.web.api.controller.TestController.test3(java.lang.String)
2020-07-30 17:50:55.490 [main] [34m[INFO][0;39m o.s.w.s.m.m.a.RequestMappingHandlerMapping 547 Mapped "{[/test/test4],methods=[GET]}" onto public java.lang.String com.spring.project.web.api.controller.TestController.test4(com.spring.project.web.entity.UserInfoParam)
2020-07-30 17:50:55.490 [main] [34m[INFO][0;39m o.s.w.s.m.m.a.RequestMappingHandlerMapping 547 Mapped "{[/test/fastjson],methods=[GET]}" onto public com.spring.project.web.vo.UserInfoVo com.spring.project.web.api.controller.TestController.fastjson(java.lang.Integer)
2020-07-30 17:50:55.490 [main] [34m[INFO][0;39m o.s.w.s.m.m.a.RequestMappingHandlerMapping 547 Mapped "{[/test/xss],methods=[GET]}" onto public com.spring.project.web.vo.RespResult com.spring.project.web.api.controller.TestController.xss(java.lang.String)
2020-07-30 17:50:55.491 [main] [34m[INFO][0;39m o.s.w.s.m.m.a.RequestMappingHandlerMapping 547 Mapped "{[/test/static/xss],methods=[GET]}" onto public com.spring.project.web.vo.RespResult com.spring.project.web.api.controller.TestController.apixss(java.lang.String)
2020-07-30 17:50:55.491 [main] [34m[INFO][0;39m o.s.w.s.m.m.a.RequestMappingHandlerMapping 547 Mapped "{[/test/xss2],methods=[POST]}" onto public com.spring.project.web.vo.RespResult com.spring.project.web.api.controller.TestController.xss2(java.util.Map<java.lang.String, java.lang.String>)
2020-07-30 17:50:55.491 [main] [34m[INFO][0;39m o.s.w.s.m.m.a.RequestMappingHandlerMapping 547 Mapped "{[/test/deleteByKey],methods=[DELETE]}" onto public com.spring.project.web.vo.RespResult com.spring.project.web.api.controller.TestController.deleteByKey(java.lang.Integer)
2020-07-30 17:50:55.492 [main] [34m[INFO][0;39m o.s.w.s.m.m.a.RequestMappingHandlerMapping 547 Mapped "{[/test/deleteByKeys],methods=[GET]}" onto public com.spring.project.web.vo.RespResult com.spring.project.web.api.controller.TestController.deleteByKeys(int[])
2020-07-30 17:50:55.492 [main] [34m[INFO][0;39m o.s.w.s.m.m.a.RequestMappingHandlerMapping 547 Mapped "{[/test/queryAll],methods=[GET]}" onto public com.spring.project.web.vo.RespResult com.spring.project.web.api.controller.TestController.queryAll()
2020-07-30 17:50:55.492 [main] [34m[INFO][0;39m o.s.w.s.m.m.a.RequestMappingHandlerMapping 547 Mapped "{[/test/queryPage],methods=[GET]}" onto public com.spring.project.web.vo.RespResult com.spring.project.web.api.controller.TestController.queryPage()
2020-07-30 17:50:55.492 [main] [34m[INFO][0;39m o.s.w.s.m.m.a.RequestMappingHandlerMapping 547 Mapped "{[/test/exportData],methods=[GET]}" onto public com.spring.project.web.vo.RespResult com.spring.project.web.api.controller.TestController.exportData(javax.servlet.http.HttpServletResponse)
2020-07-30 17:50:55.495 [main] [34m[INFO][0;39m o.s.w.s.m.m.a.RequestMappingHandlerMapping 547 Mapped "{[/userInfo/deleteByKey],methods=[DELETE]}" onto public com.spring.project.web.vo.RespResult com.spring.project.web.api.controller.UserInfoController.deleteByKey(java.lang.Integer)
2020-07-30 17:50:55.495 [main] [34m[INFO][0;39m o.s.w.s.m.m.a.RequestMappingHandlerMapping 547 Mapped "{[/userInfo/deleteByKeys],methods=[GET]}" onto public com.spring.project.web.vo.RespResult com.spring.project.web.api.controller.UserInfoController.deleteByKeys(int[])
2020-07-30 17:50:55.495 [main] [34m[INFO][0;39m o.s.w.s.m.m.a.RequestMappingHandlerMapping 547 Mapped "{[/userInfo/queryAll],methods=[GET]}" onto public com.spring.project.web.vo.RespResult com.spring.project.web.api.controller.UserInfoController.queryAll()
2020-07-30 17:50:55.495 [main] [34m[INFO][0;39m o.s.w.s.m.m.a.RequestMappingHandlerMapping 547 Mapped "{[/userInfo/queryPage],methods=[POST]}" onto public com.spring.project.web.vo.RespResult com.spring.project.web.api.controller.UserInfoController.queryPage(java.lang.String,javax.servlet.http.HttpServletRequest)
2020-07-30 17:50:55.496 [main] [34m[INFO][0;39m o.s.w.s.m.m.a.RequestMappingHandlerMapping 547 Mapped "{[/userInfo/exportData],methods=[GET]}" onto public com.spring.project.web.vo.RespResult com.spring.project.web.api.controller.UserInfoController.exportData(javax.servlet.http.HttpServletResponse)
2020-07-30 17:50:55.498 [main] [34m[INFO][0;39m o.s.w.s.m.m.a.RequestMappingHandlerMapping 547 Mapped "{[/swagger-resources/configuration/security]}" onto public org.springframework.http.ResponseEntity<springfox.documentation.swagger.web.SecurityConfiguration> springfox.documentation.swagger.web.ApiResourceController.securityConfiguration()
2020-07-30 17:50:55.499 [main] [34m[INFO][0;39m o.s.w.s.m.m.a.RequestMappingHandlerMapping 547 Mapped "{[/swagger-resources/configuration/ui]}" onto public org.springframework.http.ResponseEntity<springfox.documentation.swagger.web.UiConfiguration> springfox.documentation.swagger.web.ApiResourceController.uiConfiguration()
2020-07-30 17:50:55.499 [main] [34m[INFO][0;39m o.s.w.s.m.m.a.RequestMappingHandlerMapping 547 Mapped "{[/swagger-resources]}" onto public org.springframework.http.ResponseEntity<java.util.List<springfox.documentation.swagger.web.SwaggerResource>> springfox.documentation.swagger.web.ApiResourceController.swaggerResources()
2020-07-30 17:50:55.502 [main] [34m[INFO][0;39m o.s.w.s.m.m.a.RequestMappingHandlerMapping 547 Mapped "{[/v2/api-docs-ext],methods=[GET],produces=[application/json || application/hal+json]}" onto public org.springframework.http.ResponseEntity<springfox.documentation.spring.web.json.Json> com.github.xiaoymin.knife4j.spring.web.Knife4jController.apiSorts(java.lang.String,javax.servlet.http.HttpServletRequest)
2020-07-30 17:50:55.504 [main] [34m[INFO][0;39m o.s.w.s.m.m.a.RequestMappingHandlerMapping 547 Mapped "{[/error]}" onto public org.springframework.http.ResponseEntity<java.util.Map<java.lang.String, java.lang.Object>> org.springframework.boot.autoconfigure.web.servlet.error.BasicErrorController.error(javax.servlet.http.HttpServletRequest)
2020-07-30 17:50:55.504 [main] [34m[INFO][0;39m o.s.w.s.m.m.a.RequestMappingHandlerMapping 547 Mapped "{[/error],produces=[text/html]}" onto public org.springframework.web.servlet.ModelAndView org.springframework.boot.autoconfigure.web.servlet.error.BasicErrorController.errorHtml(javax.servlet.http.HttpServletRequest,javax.servlet.http.HttpServletResponse)
2020-07-30 17:50:55.566 [main] [34m[INFO][0;39m o.s.b.a.e.web.EndpointLinksResolver 59 Exposing 1 endpoint(s) beneath base path '/actuator'
2020-07-30 17:50:55.575 [main] [34m[INFO][0;39m o.s.b.a.e.w.s.WebMvcEndpointHandlerMapping 547 Mapped "{[/actuator/shutdown],methods=[POST],produces=[application/vnd.spring-boot.actuator.v2+json || application/json]}" onto public java.lang.Object org.springframework.boot.actuate.endpoint.web.servlet.AbstractWebMvcEndpointHandlerMapping$OperationHandler.handle(javax.servlet.http.HttpServletRequest,java.util.Map<java.lang.String, java.lang.String>)
2020-07-30 17:50:55.576 [main] [34m[INFO][0;39m o.s.b.a.e.w.s.WebMvcEndpointHandlerMapping 547 Mapped "{[/actuator],methods=[GET],produces=[application/vnd.spring-boot.actuator.v2+json || application/json]}" onto protected java.util.Map<java.lang.String, java.util.Map<java.lang.String, org.springframework.boot.actuate.endpoint.web.Link>> org.springframework.boot.actuate.endpoint.web.servlet.WebMvcEndpointHandlerMapping.links(javax.servlet.http.HttpServletRequest,javax.servlet.http.HttpServletResponse)
2020-07-30 17:50:55.715 [main] [34m[INFO][0;39m s.d.s.w.PropertySourcedRequestMappingHandlerMapping 69 Mapped URL path [/v2/api-docs] onto method [public org.springframework.http.ResponseEntity<springfox.documentation.spring.web.json.Json> springfox.documentation.swagger2.web.Swagger2Controller.getDocumentation(java.lang.String,javax.servlet.http.HttpServletRequest)]
2020-07-30 17:50:55.841 [main] [34m[INFO][0;39m o.s.w.s.h.SimpleUrlHandlerMapping 373 Mapped URL path [/**/favicon.ico] onto handler of type [class org.springframework.web.servlet.resource.ResourceHttpRequestHandler]
2020-07-30 17:50:55.872 [main] [34m[INFO][0;39m o.s.w.s.m.m.a.RequestMappingHandlerAdapter 574 Looking for @ControllerAdvice: org.springframework.boot.web.servlet.context.AnnotationConfigServletWebServerApplicationContext@5fa07e12: startup date [Thu Jul 30 17:50:52 CST 2020]; root of context hierarchy
2020-07-30 17:50:55.910 [main] [34m[INFO][0;39m o.s.w.s.h.SimpleUrlHandlerMapping 373 Mapped URL path [/doc.html] onto handler of type [class org.springframework.web.servlet.resource.ResourceHttpRequestHandler]
2020-07-30 17:50:55.910 [main] [34m[INFO][0;39m o.s.w.s.h.SimpleUrlHandlerMapping 373 Mapped URL path [/*.js] onto handler of type [class org.springframework.web.servlet.resource.ResourceHttpRequestHandler]
2020-07-30 17:50:55.910 [main] [34m[INFO][0;39m o.s.w.s.h.SimpleUrlHandlerMapping 373 Mapped URL path [/webjars/**] onto handler of type [class org.springframework.web.servlet.resource.ResourceHttpRequestHandler]
2020-07-30 17:50:55.924 [main] [34m[INFO][0;39m o.s.w.s.m.m.a.ExceptionHandlerExceptionResolver 288 Detected @ExceptionHandler methods in globalControllerAdvice
2020-07-30 17:50:55.995 [main] [34m[INFO][0;39m o.s.b.a.w.s.WelcomePageHandlerMapping 56 Adding welcome page: class path resource [static/index.html]
2020-07-30 17:50:56.359 [main] [34m[INFO][0;39m o.s.j.e.a.AnnotationMBeanExporter 433 Registering beans for JMX exposure on startup
2020-07-30 17:50:56.361 [main] [34m[INFO][0;39m o.s.j.e.a.AnnotationMBeanExporter 895 Bean with name 'dataSource' has been autodetected for JMX exposure
2020-07-30 17:50:56.366 [main] [34m[INFO][0;39m o.s.j.e.a.AnnotationMBeanExporter 668 Located MBean 'dataSource': registering with JMX server as MBean [com.alibaba.druid.pool:name=dataSource,type=DruidDataSource]
2020-07-30 17:50:56.371 [main] [34m[INFO][0;39m o.s.c.s.DefaultLifecycleProcessor 351 Starting beans in phase 2147483647
2020-07-30 17:50:56.371 [main] [34m[INFO][0;39m s.d.s.w.p.DocumentationPluginsBootstrapper 160 Context refreshed
2020-07-30 17:50:56.387 [main] [34m[INFO][0;39m s.d.s.w.p.DocumentationPluginsBootstrapper 163 Found 1 custom documentation plugin(s)
2020-07-30 17:50:56.411 [main] [34m[INFO][0;39m s.d.s.w.s.ApiListingReferenceScanner 41 Scanning for api listing references
2020-07-30 17:50:56.496 [main] [31m[WARN][0;39m s.d.s.w.r.p.ParameterDataTypeReader 92 Trying to infer dataType int[]
2020-07-30 17:50:56.546 [main] [34m[INFO][0;39m s.d.s.w.r.o.CachingOperationNameGenerator 40 Generating unique operation named: deleteByKeyUsingDELETE_1
2020-07-30 17:50:56.547 [main] [31m[WARN][0;39m s.d.s.w.r.p.ParameterDataTypeReader 92 Trying to infer dataType int[]
2020-07-30 17:50:56.548 [main] [34m[INFO][0;39m s.d.s.w.r.o.CachingOperationNameGenerator 40 Generating unique operation named: deleteByKeysUsingGET_1
2020-07-30 17:50:56.549 [main] [34m[INFO][0;39m s.d.s.w.r.o.CachingOperationNameGenerator 40 Generating unique operation named: exportDataUsingGET_1
2020-07-30 17:50:56.550 [main] [34m[INFO][0;39m s.d.s.w.r.o.CachingOperationNameGenerator 40 Generating unique operation named: queryAllUsingGET_1
2020-07-30 17:50:56.589 [main] [34m[INFO][0;39m o.s.b.w.e.tomcat.TomcatWebServer 206 Tomcat started on port(s): 8087 (http) with context path ''
2020-07-30 17:50:56.592 [main] [34m[INFO][0;39m c.spring.project.web.api.Application 59 Started Application in 5.02 seconds (JVM running for 6.398)
2020-07-30 17:50:57.200 [RMI TCP Connection(3)-172.19.0.26] [34m[INFO][0;39m o.a.c.c.C.[Tomcat].[localhost].[/] 180 Initializing Spring FrameworkServlet 'dispatcherServlet'
2020-07-30 17:50:57.201 [RMI TCP Connection(3)-172.19.0.26] [34m[INFO][0;39m o.s.web.servlet.DispatcherServlet 494 FrameworkServlet 'dispatcherServlet': initialization started
2020-07-30 17:50:57.217 [RMI TCP Connection(3)-172.19.0.26] [34m[INFO][0;39m o.s.web.servlet.DispatcherServlet 509 FrameworkServlet 'dispatcherServlet': initialization completed in 16 ms
2020-07-30 17:50:57.237 [RMI TCP Connection(2)-172.19.0.26] [34m[INFO][0;39m c.alibaba.druid.pool.DruidDataSource 928 {dataSource-1} inited
